
  ___  ____  ____  ____  ____ (R)
 /__    /   ____/   /   ____/
___/   /   /___/   /   /___/   13.0   Copyright 1985-2013 StataCorp LP
  Statistics/Data Analysis            StataCorp
                                      4905 Lakeway Drive
     MP - Parallel Edition            College Station, Texas 77845 USA
                                      800-STATA-PC        http://www.stata.com
                                      979-696-4600        stata@stata.com
                                      979-696-4601 (fax)

2-user 16-core Stata network perpetual license:
       Serial number:  501306200703
         Licensed to:  HPC, ITS
                       New York University, NY

Notes:
      1.  (-v# option or -set maxvar-) 5000 maximum variables
      2.  Command line editing disabled
      3.  Stata running in batch mode

Note:  Your site can add messages to the introduction by editing the file
       stata.msg in the directory where Stata is installed.

. do 130729_regressions.do 

. * CREATE FILES FOR THE REGRESSION
. * CHOOSE THE CONTROL AND TREATMENT GROUPS, MATCH THEM WITH THE HISTORY
. 
. local filepath "/scratch/kb103/stata/earnings_losses"

. 
. ***** CREATE FILES****************************************
. /*
> use "`filepath'/control_Davis_ind_1.dta"
> forval ii = 2/10{
>         append using "`filepath'/control_Davis_ind_`ii'.dta"
> }
> gen int year_mass_layoff = year+1
> save "`filepath'/control_Davis_ind_all.dta", replace
> 
> clear
> 
> use "`filepath'/control_treatment_ind_1.dta"
> forval ii = 2/10{
>         append using "`filepath'/control_treatment_ind_`ii'.dta"
> }
> gen int year_mass_layoff = year
> save "`filepath'/control_treatment_ind_all.dta", replace
> 
> clear
> use "`filepath'/control_Davis_ind_all.dta"
> append using "`filepath'/control_treatment_ind_all.dta"
> save "`filepath'/control_treatment_all_measures.dta"
> 
> clear
> 
> use "`filepath'/employed_UStype_1_0.dta"
> append using "`filepath'/employed_UStype_1_1.dta"
> forval ii = 2/10{
>         append using "`filepath'/employed_UStype_`ii'_0.dta"
>         append using "`filepath'/employed_UStype_`ii'_1.dta"
> }
> save "`filepath'/employed_UStype_all.dta", replace
> 
> */
. 
. /*
> ***** THIS IS JUST A TESTING SAMPLE ******************************
> 
> use "`filepath'/employed_UStype_1_1.dta"
> gen double r=runiform()
> keep if r<0.1
> saveold "`filepath'/employed_UStype_1_1_sample.dta", replace
> 
> use  "`filepath'/control_treatment_ind_all.dta", replace
> keep if year_mass_layoff==1982
> saveold "`filepath'/control_treatment_ind_all_1982.dta", replace
> 
> */
. 
. ***** CREATE FILES FOR EACH YEAR ******************************
. /*
> forval yy = 1982/1985{
>         
>         * TREATMENT AND CONTROL IN A GIVEN DISPLACEMENT YEAR
>         use "`filepath'/control_treatment_ind_all.dta", clear
>         keep if year_mass_layoff ==`yy'
>         sort pid fid days_worked_beginning
>         drop if days_worked_beginning==.
>         drop if days_worked_beginning<100
>         by pid fid: gen int index = _n
>         keep if index ==1
>         drop index
>         by pid: gen int index = _n
>         by pid: egen int index2 = max(index)
>         save "`filepath'/temp_`yy'.dta"
>         
>         drop if index2>1
>         drop index index2
>         rename fid fid_ML 
>         drop year
>         save "`filepath'/control_treatment_ind_year`yy'.dta", replace
>         
>         use "`filepath'/temp_`yy'.dta", clear
>         keep if index2>1
>         rename fid fid_ML 
>         drop year
>         save "`filepath'/control_treatment_ind_multi_year`yy'.dta", replace
>         
>         * DAVIS MEASURE
>         use "`filepath'/control_Davis_ind_all.dta", clear
>         keep if year_mass_layoff ==`yy'
>         sort pid fid days_worked_beginning
>         drop if days_worked_beginning==.
>         drop if days_worked_beginning<100
>         by pid fid: gen int index = _n
>         keep if index ==1
>         drop index
>         by pid: gen int index = _n
>         by pid: egen int index2 = max(index)
>         save "`filepath'/Dtemp_`yy'.dta"
>         
>         drop if index2>1
>         drop index index2
>         rename fid fid_ML 
>         drop year
>         save "`filepath'/control_Davis_ind_year`yy'.dta", replace
>         
>         use "`filepath'/Dtemp_`yy'.dta", clear
>         keep if index>1
>         rename fid fid_ML 
>         drop year
>         save "`filepath'/control_Davis_ind_multi_year`yy'.dta", replace
> 
>         * MERGE WITH EMPLOYMENT SPELLS
>         use "`filepath'/employed_UStype_all.dta", clear
>         merge m:1 pid using "`filepath'/control_treatment_ind_year`yy'.dta", 
> keep(match)
>         save "`filepath'/EL_ind_year`yy'.dta", replace
>         
>         * MERGE WITH EMPLOYMENT SPELLS
>         use "`filepath'/employed_UStype_all.dta", clear
>         merge m:1 pid using "`filepath'/control_Davis_ind_year`yy'.dta", keep
> (match)
>         save "`filepath'/EL_Davis_ind_year`yy'.dta", replace
>         
> }
> 
> 
> * consider the year 1982; include also 1982, 1983; control group is CG3from t
> he file
> * annual inceom histories
> 
> * GENERATE ANNUAL INCOME
>         use "`filepath'/EL_ind_year1982.dta"
>         drop if income==.
>         gen real_annual_income_T = income/30*btag/cpi
>         gen real_annual_income_coded_T = income_coded/30*btag/cpi
> 
>         sort pid year
>         by pid year: gen int index = _n
>         by pid year: egen real_annual_income = total(real_annual_income_T)
>         by pid year: egen real_annual_income_coded = total(real_annual_income
> _coded_T)
>         keep if index == 1
>         drop index
>         keep year pid real_annual_income real_annual_income_coded day* sex ag
> e CG* TG* fid_ML
>         gen int year_mass_layoff = 1982
>         save "`filepath'/EL_annual_income_year1982.dta", replace
>         
> * control group DAVIS
> forval yy=1982/1985{
>         use "`filepath'/EL_Davis_ind_year`yy'.dta", clear
>         drop if income==.
>         gen real_annual_income_T = income/30*btag/cpi
>         gen real_annual_income_coded_T = income_coded/30*btag/cpi
> 
>         sort pid year
>         by pid year: gen int index = _n
>         by pid year: egen real_annual_income = total(real_annual_income_T)
>         by pid year: egen real_annual_income_coded = total(real_annual_income
> _coded_T)
>         keep if index == 1
>         drop index
>         keep year pid real_annual_income real_annual_income_coded day* sex ag
> e TG* fid_ML year_mass_layoff
> 
>         save "`filepath'/EL_Davis_annual_income_year`yy'.dta", replace  
> }
> 
> 
> use "`filepath'/EL_annual_income_year1982.dta"
> keep if CG3_men==1 | CG3_women==1
> keep pid CG3*
> by pid: gen int index = _n
> keep if index==1
> drop index
> saveold "`filepath'/EL_pid_CG31982.dta", replace
> 
> forval yy = 1982/1985{
>         use "`filepath'/EL_Davis_annual_income_year`yy'.dta"
>         by pid: gen int index = _n
>         keep if index==1
>         drop index
>         keep pid TG* year_mass_layoff
>         saveold "`filepath'/EL_pid_TG`yy'.dta", replace
> }
> 
>         use "`filepath'/EL_pid_CG31982.dta", clear
>         append using "`filepath'/EL_pid_TG1982.dta"
>         append using "`filepath'/EL_pid_TG1983.dta"
>         append using "`filepath'/EL_pid_TG1984.dta"
>         sort pid
>         by pid: gen int index = _n
>         by pid: egen int maxindex = max(index)
>         keep if maxindex>1
>         drop index maxindex
>         sort pid
>         by pid: gen int index = _n
>         keep if index==1
>         keep pid
>         save  "`filepath'/EL_1982_todrop.dta", replace
> 
> * REGRESSIONS
>         clear
>         use "`filepath'/EL_annual_income_year1982.dta" 
>         keep if CG3_men==1 | CG3_women==1
>         append using "`filepath'/EL_Davis_annual_income_year1982.dta"
>         append using "`filepath'/EL_Davis_annual_income_year1983.dta"
>         append using "`filepath'/EL_Davis_annual_income_year1984.dta"
>         merge m:1 pid using "`filepath'/EL_1982_todrop.dta"
>         drop if _merge==3
>         drop _merge
>         save "`filepath'/regression_annual_income_year1982.dta" , replace
> */      
. /*      
>         use "`filepath'/regression_annual_income_year1982.dta" , clear
>         *keep if _n<1000
>         *saveold "sample_EL1982.dta", replace
>         gen byte treatmet =1 if TG4davis_men==1 | TG4davis_women==1
>         
>         * GENERATE Dtk dummies
>         
>         forval tt = 1976/2007{
>                 local k  = `tt'- 1982+8
>                 local k1 = `tt'-(1982+1)+8
>                 local k2 = `tt'-(1982+2)+8
>                 
>                 gen byte D_`tt'_`k'  = 0
>                 gen byte D_`tt'_`k1' = 0
>                 gen byte D_`tt'_`k2' = 0
>                 
>                 local tk  = `tt'-`k'+8
>                 local tk1 = `tt'-`k1'+8
>                 local tk2 = `tt'-`k2'+8
>                 
>                 replace D_`tt'_`k'  = 1 if year==`tt' & year_mass_layoff == `
> tk'  & treatmet == 1
>                 replace D_`tt'_`k1' = 1 if year==`tt' & year_mass_layoff == `
> tk1' & treatmet == 1
>                 replace D_`tt'_`k2' = 1 if year==`tt' & year_mass_layoff == `
> tk2' & treatmet == 1
>         }
> 
>         gen age1 = year - year_mass_layoff + age
>         gen age2 = age1^2
>         gen age3 = age1^3
>         gen age4 = age1^4
>         save "`filepath'/regression_annual_income_year1982.dta", replace
>         
>         sort pid year
>         xtset pid year
>         save "`filepath'/regression_annual_income_year1982.dta", replace
> */      
.         use "`filepath'/regression_annual_income_year1982.dta", clear

. 
.         xi: xtreg real_annual_income i.year age1 age2 age3 age4 D_1976_2 - D_
> 2007_31 if sex==1, fe
i.year            _Iyear_1972-2008    (naturally coded; _Iyear_1972 omitted)
note: _Iyear_2008 omitted because of collinearity

Fixed-effects (within) regression               Number of obs      =  13352585
Group variable: pid                             Number of groups   =    478774

R-sq:  within  = 0.3451                         Obs per group: min =         1
       between = 0.0024                                        avg =      27.9
       overall = 0.1308                                        max =        37

                                                F(135,12873676)    =  50247.66
corr(u_i, Xb)  = -0.1534                        Prob > F           =    0.0000

------------------------------------------------------------------------------
real_annua~e |      Coef.   Std. Err.      t    P>|t|     [95% Conf. Interval]
-------------+----------------------------------------------------------------
 _Iyear_1973 |   18.00809   .2568824    70.10   0.000     17.50461    18.51157
 _Iyear_1974 |   34.88015   .2510237   138.95   0.000     34.38815    35.37215
 _Iyear_1975 |   47.67659   .2463127   193.56   0.000     47.19383    48.15936
 _Iyear_1976 |   59.84658   .2453022   243.97   0.000      59.3658    60.32736
 _Iyear_1977 |   77.76556   .2410738   322.58   0.000     77.29306    78.23805
 _Iyear_1978 |   93.22616   .2372667   392.92   0.000     92.76113     93.6912
 _Iyear_1979 |    109.208   .2333923   467.92   0.000     108.7505    109.6654
 _Iyear_1980 |   120.8595   .2324363   519.97   0.000      120.404    121.3151
 _Iyear_1981 |   126.1788   .2319192   544.06   0.000     125.7243    126.6334
 _Iyear_1982 |    131.521     .23181   567.37   0.000     131.0667    131.9754
 _Iyear_1983 |   140.7608   .2320832   606.51   0.000     140.3059    141.2157
 _Iyear_1984 |   142.2935   .2327262   611.42   0.000     141.8373    142.7496
 _Iyear_1985 |   154.9686   .2351446   659.04   0.000     154.5078    155.4295
 _Iyear_1986 |   170.2274   .2376281   716.36   0.000     169.7616    170.6931
 _Iyear_1987 |   181.8625   .2403403   756.69   0.000     181.3915    182.3336
 _Iyear_1988 |   192.8838   .2433649   792.57   0.000     192.4068    193.3608
 _Iyear_1989 |   208.7317    .246888   845.45   0.000     208.2478    209.2156
 _Iyear_1990 |   227.9288   .2507791   908.88   0.000     227.4372    228.4203
 _Iyear_1991 |   244.8187   .2552698   959.06   0.000     244.3183     245.319
 _Iyear_1992 |    256.435   .2607782   983.35   0.000     255.9239    256.9461
 _Iyear_1993 |   261.3356   .2666742   979.98   0.000     260.8129    261.8583
 _Iyear_1994 |    271.037   .2740053   989.17   0.000        270.5    271.5741
 _Iyear_1995 |    286.353   .2810932  1018.71   0.000      285.802    286.9039
 _Iyear_1996 |    293.001    .288898  1014.20   0.000     292.4348    293.5672
 _Iyear_1997 |   301.3609   .2971651  1014.12   0.000     300.7785    301.9434
 _Iyear_1998 |    311.627    .305245  1020.91   0.000     311.0288    312.2253
 _Iyear_1999 |    325.972   .3139337  1038.35   0.000     325.3567    326.5873
 _Iyear_2000 |   330.5508   .3238442  1020.71   0.000     329.9161    331.1856
 _Iyear_2001 |    339.361   .3341654  1015.55   0.000     338.7061     340.016
 _Iyear_2002 |   349.7237   .3438359  1017.12   0.000     349.0498    350.3976
 _Iyear_2003 |   360.4254   .3537137  1018.97   0.000     359.7321    361.1187
 _Iyear_2004 |   366.1704   .3640154  1005.92   0.000      365.457    366.8839
 _Iyear_2005 |   373.7163    .374637   997.54   0.000      372.982    374.4506
 _Iyear_2006 |   389.0702   .3852327  1009.96   0.000     388.3152    389.8253
 _Iyear_2007 |    354.302   .3964786   893.62   0.000     353.5249    355.0791
 _Iyear_2008 |          0  (omitted)
        age1 |   94.35843    .343681   274.55   0.000     93.68483    95.03204
        age2 |  -3.593821   .0139644  -257.36   0.000    -3.621191   -3.566451
        age3 |   .0589985   .0002422   243.58   0.000     .0585237    .0594732
        age4 |  -.0003647   1.52e-06  -239.90   0.000    -.0003676   -.0003617
    D_1976_2 |   -8.38069   1.478182    -5.67   0.000    -11.27787   -5.483506
    D_1976_1 |  -6.070972   1.622905    -3.74   0.000    -9.251809   -2.890136
    D_1976_0 |  -5.443472   1.749988    -3.11   0.002    -8.873386   -2.013558
    D_1977_3 |   -7.68174   1.440452    -5.33   0.000    -10.50497   -4.858506
    D_1977_2 |  -7.792886   1.586219    -4.91   0.000    -10.90182   -4.683954
    D_1977_1 |  -8.676515   1.710822    -5.07   0.000    -12.02967   -5.323365
    D_1978_4 |  -12.22246   1.419959    -8.61   0.000    -15.00553   -9.439393
    D_1978_3 |  -12.01393   1.548617    -7.76   0.000    -15.04916   -8.978697
    D_1978_2 |  -14.87144   1.671902    -8.89   0.000    -18.14831   -11.59457
    D_1979_5 |  -17.86975   1.398334   -12.78   0.000    -20.61044   -15.12907
    D_1979_4 |  -16.66267   1.519306   -10.97   0.000    -19.64045   -13.68488
    D_1979_3 |  -21.07885    1.63729   -12.87   0.000    -24.28788   -17.86982
    D_1980_6 |  -20.44857    1.39834   -14.62   0.000    -23.18927   -17.70788
    D_1980_5 |  -18.81964   1.498969   -12.56   0.000    -21.75756   -15.88171
    D_1980_4 |  -23.08776   1.613444   -14.31   0.000    -26.25005   -19.92547
    D_1981_7 |  -50.06529    1.39109   -35.99   0.000    -52.79178   -47.33881
    D_1981_6 |  -19.21734   1.499003   -12.82   0.000    -22.15533   -16.27935
    D_1981_5 |  -22.87371   1.601206   -14.29   0.000    -26.01202    -19.7354
    D_1982_8 |   -55.5441   1.482345   -37.47   0.000    -58.44944   -52.63876
    D_1982_7 |  -58.85128   1.491855   -39.45   0.000    -61.77526    -55.9273
    D_1982_6 |  -28.66839   1.601042   -17.91   0.000    -31.80638   -25.53041
    D_1983_9 |  -57.41996   1.496591   -38.37   0.000    -60.35323    -54.4867
    D_1983_8 |  -62.12262   1.599911   -38.83   0.000    -65.25838   -58.98685
    D_1983_7 |  -65.30635   1.583034   -41.25   0.000    -68.40904   -62.20366
   D_1984_10 |  -56.33008   1.504248   -37.45   0.000    -59.27835   -53.38181
    D_1984_9 |  -51.11168   1.594645   -32.05   0.000    -54.23712   -47.98623
    D_1984_8 |  -58.79812   1.670855   -35.19   0.000    -62.07294   -55.52331
   D_1985_11 |  -58.97626   1.513913   -38.96   0.000    -61.94348   -56.00905
   D_1985_10 |  -52.89826   1.602519   -33.01   0.000    -56.03914   -49.75738
    D_1985_9 |  -53.24044   1.671228   -31.86   0.000    -56.51599   -49.96489
   D_1986_12 |  -60.09341   1.525365   -39.40   0.000    -63.08307   -57.10375
   D_1986_11 |  -54.72236   1.614702   -33.89   0.000    -57.88712   -51.55761
   D_1986_10 |  -53.82225   1.677707   -32.08   0.000     -57.1105   -50.53401
   D_1987_13 |  -60.97709   1.541912   -39.55   0.000    -63.99919     -57.955
   D_1987_12 |  -54.40883     1.6324   -33.33   0.000    -57.60827   -51.20938
   D_1987_11 |  -59.03153   1.689931   -34.93   0.000    -62.34373   -55.71932
   D_1988_14 |  -63.18479   1.558078   -40.55   0.000    -66.23856   -60.13101
   D_1988_13 |  -55.35949   1.642208   -33.71   0.000    -58.57816   -52.14082
   D_1988_12 |  -60.82091   1.703728   -35.70   0.000    -64.16016   -57.48167
   D_1989_15 |  -66.53166   1.568584   -42.42   0.000    -69.60602   -63.45729
   D_1989_14 |  -56.98781   1.649918   -34.54   0.000    -60.22159   -53.75403
   D_1989_13 |   -60.8186   1.717677   -35.41   0.000    -64.18519   -57.45202
   D_1990_16 |  -69.88733   1.583748   -44.13   0.000    -72.99141   -66.78324
   D_1990_15 |  -58.61351   1.662601   -35.25   0.000    -61.87215   -55.35487
   D_1990_14 |  -63.01643   1.729981   -36.43   0.000    -66.40713   -59.62572
   D_1991_17 |  -69.72881   1.601508   -43.54   0.000     -72.8677   -66.58991
   D_1991_16 |  -60.50366   1.682142   -35.97   0.000    -63.80059   -57.20672
   D_1991_15 |  -65.54079   1.746001   -37.54   0.000    -68.96289   -62.11869
   D_1992_18 |  -71.41544   1.620862   -44.06   0.000    -74.59228   -68.23861
   D_1992_17 |  -62.10451   1.698383   -36.57   0.000    -65.43328   -58.77574
   D_1992_16 |  -68.80758   1.767607   -38.93   0.000    -72.27202   -65.34313
   D_1993_19 |  -72.25994   1.651638   -43.75   0.000    -75.49709   -69.02278
   D_1993_18 |  -61.05948   1.723629   -35.42   0.000    -64.43774   -57.68123
   D_1993_17 |  -71.63702   1.793377   -39.95   0.000    -75.15198   -68.12207
   D_1994_20 |  -72.50653   1.686268   -43.00   0.000    -75.81155   -69.20151
   D_1994_19 |  -60.65091   1.753426   -34.59   0.000    -64.08757   -57.21426
   D_1994_18 |  -69.43425   1.827798   -37.99   0.000    -73.01667   -65.85183
   D_1995_21 |  -77.36975   1.716659   -45.07   0.000    -80.73434   -74.00516
   D_1995_20 |  -64.68788    1.78237   -36.29   0.000    -68.18126    -61.1945
   D_1995_19 |  -72.85967   1.859312   -39.19   0.000    -76.50386   -69.21549
   D_1996_22 |  -82.37182   1.753359   -46.98   0.000    -85.80834    -78.9353
   D_1996_21 |  -68.58462   1.819568   -37.69   0.000    -72.15091   -65.01833
   D_1996_20 |  -78.70802   1.896819   -41.49   0.000    -82.42572   -74.99032
   D_1997_23 |  -82.92691   1.787718   -46.39   0.000    -86.43077   -79.42304
   D_1997_22 |  -71.24492   1.853107   -38.45   0.000    -74.87694   -67.61289
   D_1997_21 |  -79.00745   1.937016   -40.79   0.000    -82.80394   -75.21097
   D_1998_24 |  -83.24171   1.818532   -45.77   0.000    -86.80597   -79.67746
   D_1998_23 |  -72.52149   1.893258   -38.31   0.000    -76.23221   -68.81077
   D_1998_22 |  -80.71463   1.966148   -41.05   0.000    -84.56821   -76.86105
   D_1999_25 |   -86.1973   1.848962   -46.62   0.000     -89.8212    -82.5734
   D_1999_24 |  -75.91668   1.933231   -39.27   0.000    -79.70574   -72.12762
   D_1999_23 |  -82.41711   2.004709   -41.11   0.000    -86.34627   -78.48795
   D_2000_26 |   -82.4848   1.887348   -43.70   0.000    -86.18393   -78.78566
   D_2000_25 |  -73.53379    1.96826   -37.36   0.000    -77.39151   -69.67607
   D_2000_24 |  -78.97907     2.0501   -38.52   0.000    -82.99719   -74.96094
   D_2001_27 |  -86.84336   1.924384   -45.13   0.000    -90.61509   -83.07164
   D_2001_26 |  -76.13679   2.012155   -37.84   0.000    -80.08054   -72.19304
   D_2001_25 |  -85.09407   2.091502   -40.69   0.000    -89.19334    -80.9948
   D_2002_28 |  -94.78159    1.96528   -48.23   0.000    -98.63346   -90.92971
   D_2002_27 |  -80.54263   2.055982   -39.17   0.000    -84.57228   -76.51298
   D_2002_26 |  -88.62137   2.127998   -41.65   0.000    -92.79217   -84.45057
   D_2003_29 |   -96.3745   2.011182   -47.92   0.000    -100.3163   -92.43266
   D_2003_28 |  -82.66723    2.09577   -39.44   0.000    -86.77486   -78.55959
   D_2003_27 |   -87.1819   2.174115   -40.10   0.000    -91.44308   -82.92071
   D_2004_30 |    -95.746   2.054675   -46.60   0.000    -99.77309   -91.71891
   D_2004_29 |  -79.98536   2.145467   -37.28   0.000     -84.1904   -75.78032
   D_2004_28 |  -90.44728   2.218405   -40.77   0.000    -94.79528   -86.09929
   D_2005_31 |  -95.41817   2.101044   -45.41   0.000    -99.53614    -91.3002
   D_2005_30 |  -80.99331   2.183607   -37.09   0.000     -85.2731   -76.71351
   D_2005_29 |  -93.41329   2.265346   -41.24   0.000    -97.85329   -88.97329
   D_2006_32 |  -98.85443   2.146163   -46.06   0.000    -103.0608   -94.64803
   D_2006_31 |  -81.61035   2.232751   -36.55   0.000    -85.98646   -77.23424
   D_2006_30 |  -94.58988    2.30956   -40.96   0.000    -99.11654   -90.06323
   D_2007_33 |  -85.95173   2.189149   -39.26   0.000    -90.24239   -81.66108
   D_2007_32 |  -69.32614   2.272565   -30.51   0.000    -73.78029     -64.872
   D_2007_31 |  -76.58214   2.353958   -32.53   0.000    -81.19581   -71.96847
       _cons |  -720.4875   3.046223  -236.52   0.000     -726.458    -714.517
-------------+----------------------------------------------------------------
     sigma_u |  141.35722
     sigma_e |  112.42509
         rho |  .61254103   (fraction of variance due to u_i)
------------------------------------------------------------------------------
F test that all u_i=0:     F(478773, 12873676) =    36.43    Prob > F = 0.0000

.         xi: xtreg real_annual_income_coded i.year age1 age2 age3 age4 D_1976_
> 2 - D_2007_31 if sex==1, fe
i.year            _Iyear_1972-2008    (naturally coded; _Iyear_1972 omitted)
note: _Iyear_2008 omitted because of collinearity

Fixed-effects (within) regression               Number of obs      =  13352585
Group variable: pid                             Number of groups   =    478774

R-sq:  within  = 0.5337                         Obs per group: min =         1
       between = 0.0061                                        avg =      27.9
       overall = 0.2481                                        max =        37

                                                F(135,12873676)    = 109141.48
corr(u_i, Xb)  = -0.2662                        Prob > F           =    0.0000

------------------------------------------------------------------------------
real_annua~d |      Coef.   Std. Err.      t    P>|t|     [95% Conf. Interval]
-------------+----------------------------------------------------------------
 _Iyear_1973 |    12.5469   .1254961    99.98   0.000     12.30093    12.79287
 _Iyear_1974 |   24.73766   .1226339   201.72   0.000      24.4973    24.97802
 _Iyear_1975 |   35.11065   .1203324   291.78   0.000      34.8748    35.34649
 _Iyear_1976 |   46.90491   .1198387   391.40   0.000     46.67003    47.13979
 _Iyear_1977 |   64.03979    .117773   543.76   0.000     63.80896    64.27062
 _Iyear_1978 |   80.07594   .1159131   690.83   0.000     79.84875    80.30312
 _Iyear_1979 |   95.52591   .1140203   837.80   0.000     95.30243    95.74938
 _Iyear_1980 |   104.2236   .1135533   917.84   0.000      104.001    104.4461
 _Iyear_1981 |   105.8078   .1133007   933.87   0.000     105.5858    106.0299
 _Iyear_1982 |   109.4423   .1132473   966.40   0.000     109.2203    109.6643
 _Iyear_1983 |   117.2166   .1133808  1033.83   0.000     116.9944    117.4388
 _Iyear_1984 |   117.8594   .1136949  1036.63   0.000     117.6366    118.0822
 _Iyear_1985 |   124.7208   .1148764  1085.70   0.000     124.4956    124.9459
 _Iyear_1986 |   136.5644   .1160897  1176.37   0.000     136.3369    136.7919
 _Iyear_1987 |   143.5523   .1174147  1222.61   0.000     143.3222    143.7824
 _Iyear_1988 |   153.0652   .1188923  1287.43   0.000     152.8322    153.2982
 _Iyear_1989 |   161.0126   .1206134  1334.95   0.000     160.7762     161.249
 _Iyear_1990 |   168.9379   .1225144  1378.92   0.000     168.6978     169.178
 _Iyear_1991 |   177.9505   .1247082  1426.93   0.000     177.7061     178.195
 _Iyear_1992 |   187.1023   .1273993  1468.63   0.000     186.8526     187.352
 _Iyear_1993 |   191.1539   .1302797  1467.26   0.000     190.8986    191.4093
 _Iyear_1994 |   203.7165   .1338612  1521.85   0.000     203.4541    203.9788
 _Iyear_1995 |   214.4619   .1373239  1561.72   0.000     214.1927     214.731
 _Iyear_1996 |   220.6512   .1411368  1563.39   0.000     220.3746    220.9278
 _Iyear_1997 |   231.0804   .1451756  1591.73   0.000     230.7959     231.365
 _Iyear_1998 |   240.6331   .1491229  1613.66   0.000     240.3408    240.9253
 _Iyear_1999 |   247.9022   .1533676  1616.39   0.000     247.6016    248.2028
 _Iyear_2000 |   250.2911   .1582093  1582.03   0.000      249.981    250.6011
 _Iyear_2001 |   257.1283   .1632515  1575.04   0.000     256.8083    257.4483
 _Iyear_2002 |   261.7976   .1679759  1558.54   0.000     261.4683    262.1268
 _Iyear_2003 |   271.3218   .1728015  1570.14   0.000     270.9832    271.6605
 _Iyear_2004 |   277.5101   .1778343  1560.50   0.000     277.1615    277.8586
 _Iyear_2005 |   287.8709   .1830233  1572.86   0.000     287.5122    288.2296
 _Iyear_2006 |   299.5971   .1881997  1591.91   0.000     299.2282     299.966
 _Iyear_2007 |   301.3091   .1936937  1555.60   0.000     300.9294    301.6887
 _Iyear_2008 |          0  (omitted)
        age1 |   98.98932   .1679002   589.57   0.000     98.66024     99.3184
        age2 |  -3.589608   .0068221  -526.17   0.000    -3.602979   -3.576236
        age3 |   .0561773   .0001183   474.74   0.000     .0559453    .0564092
        age4 |   -.000334   7.43e-07  -449.80   0.000    -.0003355   -.0003326
    D_1976_2 |  -5.168294   .7221438    -7.16   0.000     -6.58367   -3.752918
    D_1976_1 |  -3.204371   .7928462    -4.04   0.000    -4.758321   -1.650421
    D_1976_0 |  -2.261168   .8549305    -2.64   0.008    -3.936801   -.5855345
    D_1977_3 |  -4.469771   .7037113    -6.35   0.000     -5.84902   -3.090523
    D_1977_2 |  -5.198067   .7749235    -6.71   0.000    -6.716889   -3.679244
    D_1977_1 |  -5.151428   .8357966    -6.16   0.000    -6.789559   -3.513297
    D_1978_4 |  -8.885249   .6936999   -12.81   0.000    -10.24488   -7.525622
    D_1978_3 |   -10.1278   .7565535   -13.39   0.000    -11.61062   -8.644982
    D_1978_2 |  -10.37126   .8167827   -12.70   0.000    -11.97213   -8.770398
    D_1979_5 |  -14.08222    .683135   -20.61   0.000    -15.42114    -12.7433
    D_1979_4 |  -14.23128   .7422344   -19.17   0.000    -15.68603   -12.77652
    D_1979_3 |  -15.12302   .7998735   -18.91   0.000    -16.69074   -13.55529
    D_1980_6 |  -15.68292    .683138   -22.96   0.000    -17.02184   -14.34399
    D_1980_5 |  -15.59062   .7322989   -21.29   0.000     -17.0259   -14.15534
    D_1980_4 |  -16.85076   .7882241   -21.38   0.000    -18.39565   -15.30587
    D_1981_7 |   -42.7679    .679596   -62.93   0.000    -44.09988   -41.43591
    D_1981_6 |  -14.68374   .7323155   -20.05   0.000    -16.11905   -13.24842
    D_1981_5 |  -15.31246   .7822452   -19.58   0.000    -16.84563   -13.77929
    D_1982_8 |  -47.01027   .7241774   -64.92   0.000    -48.42963    -45.5909
    D_1982_7 |  -52.22287   .7288235   -71.65   0.000    -53.65134    -50.7944
    D_1982_6 |  -19.97517   .7821649   -25.54   0.000    -21.50818   -18.44215
    D_1983_9 |  -48.00301   .7311371   -65.66   0.000    -49.43602   -46.57001
    D_1983_8 |   -54.4671   .7816125   -69.69   0.000    -55.99903   -52.93517
    D_1983_7 |  -54.40071   .7733677   -70.34   0.000    -55.91648   -52.88493
   D_1984_10 |  -46.72771   .7348778   -63.59   0.000    -48.16805   -45.28738
    D_1984_9 |  -43.73558   .7790399   -56.14   0.000    -45.26247   -42.20869
    D_1984_8 |  -47.23112   .8162713   -57.86   0.000    -48.83099   -45.63126
   D_1985_11 |  -46.61538   .7395997   -63.03   0.000    -48.06497   -45.16579
   D_1985_10 |  -42.93194   .7828868   -54.84   0.000    -44.46637   -41.39751
    D_1985_9 |  -39.80046   .8164535   -48.75   0.000    -41.40068   -38.20024
   D_1986_12 |   -46.6339   .7451943   -62.58   0.000    -48.09446   -45.17335
   D_1986_11 |  -43.85012   .7888384   -55.59   0.000    -45.39622   -42.30403
   D_1986_10 |  -38.64053   .8196185   -47.14   0.000    -40.24695    -37.0341
   D_1987_13 |  -45.37073   .7532781   -60.23   0.000    -46.84713   -43.89433
   D_1987_12 |  -41.71603   .7974848   -52.31   0.000    -43.27907   -40.15299
   D_1987_11 |  -41.58543   .8255906   -50.37   0.000    -43.20356    -39.9673
   D_1988_14 |  -46.97353    .761176   -61.71   0.000     -48.4654   -45.48165
   D_1988_13 |  -42.34635   .8022761   -52.78   0.000    -43.91879   -40.77392
   D_1988_12 |  -42.91341   .8323307   -51.56   0.000    -44.54475   -41.28207
   D_1989_15 |  -46.74444   .7663083   -61.00   0.000    -48.24637    -45.2425
   D_1989_14 |  -41.10765   .8060426   -51.00   0.000    -42.68746   -39.52783
   D_1989_13 |  -40.27527   .8391452   -48.00   0.000    -41.91997   -38.63058
   D_1990_16 |  -44.22898   .7737163   -57.16   0.000    -45.74544   -42.71252
   D_1990_15 |  -38.59745   .8122391   -47.52   0.000    -40.18941   -37.00549
   D_1990_14 |  -38.01278   .8451565   -44.98   0.000    -39.66926   -36.35631
   D_1991_17 |  -42.55419    .782393   -54.39   0.000    -44.08765   -41.02073
   D_1991_16 |  -36.94675   .8217852   -44.96   0.000    -38.55742   -35.33608
   D_1991_15 |  -36.27504   .8529828   -42.53   0.000    -37.94685   -34.60322
   D_1992_18 |  -43.50302   .7918478   -54.94   0.000    -45.05501   -41.95103
   D_1992_17 |  -37.80259   .8297195   -45.56   0.000    -39.42881   -36.17637
   D_1992_16 |  -38.55624   .8635379   -44.65   0.000    -40.24874   -36.86373
   D_1993_19 |  -44.90591   .8068833   -55.65   0.000    -46.48738   -43.32445
   D_1993_18 |  -37.39996   .8420533   -44.42   0.000    -39.05035   -35.74956
   D_1993_17 |  -40.76246   .8761275   -46.53   0.000    -42.47964   -39.04528
   D_1994_20 |  -47.22079   .8238008   -57.32   0.000    -48.83541   -45.60617
   D_1994_19 |  -38.97656   .8566102   -45.50   0.000    -40.65548   -37.29763
   D_1994_18 |  -40.83858   .8929432   -45.73   0.000    -42.58872   -39.08845
   D_1995_21 |   -49.3726   .8386479   -58.87   0.000    -51.01632   -47.72888
   D_1995_20 |  -42.01165   .8707501   -48.25   0.000    -43.71829   -40.30501
   D_1995_19 |  -42.94061   .9083391   -47.27   0.000    -44.72092    -41.1603
   D_1996_22 |  -53.34832   .8565774   -62.28   0.000    -55.02718   -51.66946
   D_1996_21 |  -43.65803   .8889227   -49.11   0.000    -45.40029   -41.91578
   D_1996_20 |  -47.69179   .9266625   -51.47   0.000    -49.50802   -45.87556
   D_1997_23 |  -55.01763   .8733631   -63.00   0.000    -56.72939   -53.30587
   D_1997_22 |  -47.31538   .9053079   -52.26   0.000    -49.08975   -45.54101
   D_1997_21 |  -47.80249   .9463001   -50.52   0.000     -49.6572   -45.94778
   D_1998_24 |  -56.48847   .8884168   -63.58   0.000    -58.22974   -54.74721
   D_1998_23 |  -48.02111   .9249227   -51.92   0.000    -49.83393    -46.2083
   D_1998_22 |  -49.71106   .9605322   -51.75   0.000    -51.59367   -47.82845
   D_1999_25 |  -55.15963   .9032828   -61.07   0.000    -56.93003   -53.38923
   D_1999_24 |  -47.22261   .9444511   -50.00   0.000     -49.0737   -45.37152
   D_1999_23 |  -49.25699   .9793706   -50.29   0.000    -51.17652   -47.33746
   D_2000_26 |  -52.47491   .9220355   -56.91   0.000    -54.28207   -50.66775
   D_2000_25 |  -44.72565   .9615642   -46.51   0.000    -46.61028   -42.84101
   D_2000_24 |  -47.53471   1.001546   -47.46   0.000     -49.4977   -45.57171
   D_2001_27 |  -53.98248   .9401289   -57.42   0.000     -55.8251   -52.13986
   D_2001_26 |   -46.1771   .9830081   -46.98   0.000    -48.10376   -44.25044
   D_2001_25 |  -49.35674   1.021772   -48.31   0.000    -51.35937    -47.3541
   D_2002_28 |  -56.88773   .9601082   -59.25   0.000    -58.76951   -55.00595
   D_2002_27 |  -48.64898   1.004419   -48.43   0.000    -50.61761   -46.68036
   D_2002_26 |  -52.07908   1.039602   -50.10   0.000    -54.11666    -50.0415
   D_2003_29 |  -57.39588   .9825328   -58.42   0.000    -59.32161   -55.47015
   D_2003_28 |  -49.77269   1.023857   -48.61   0.000    -51.77941   -47.76597
   D_2003_27 |  -51.12987   1.062131   -48.14   0.000    -53.21161   -49.04813
   D_2004_30 |  -57.36194   1.003781   -57.15   0.000    -59.32932   -55.39457
   D_2004_29 |   -48.8915   1.048136   -46.65   0.000    -50.94581   -46.83719
   D_2004_28 |   -51.8098   1.083769   -47.81   0.000    -53.93394   -49.68565
   D_2005_31 |  -58.86741   1.026433   -57.35   0.000    -60.87918   -56.85564
   D_2005_30 |  -53.57556   1.066768   -50.22   0.000    -55.66639   -51.48473
   D_2005_29 |  -56.91942   1.106701   -51.43   0.000    -59.08852   -54.75033
   D_2006_32 |  -59.95261   1.048476   -57.18   0.000    -62.00759   -57.89763
   D_2006_31 |  -51.90772   1.090777   -47.59   0.000     -54.0456   -49.76984
   D_2006_30 |    -57.673   1.128301   -51.11   0.000    -59.88443   -55.46157
   D_2007_33 |  -63.54849   1.069476   -59.42   0.000    -65.64462   -61.45235
   D_2007_32 |    -53.421   1.110228   -48.12   0.000    -55.59701   -51.24499
   D_2007_31 |  -56.52065   1.149991   -49.15   0.000    -58.77459   -54.26671
       _cons |  -812.7247   1.488187  -546.12   0.000    -815.6415   -809.8079
-------------+----------------------------------------------------------------
     sigma_u |  71.680393
     sigma_e |  54.923599
         rho |  .63007726   (fraction of variance due to u_i)
------------------------------------------------------------------------------
F test that all u_i=0:     F(478773, 12873676) =    28.49    Prob > F = 0.0000

.         
.         xi: xtreg real_annual_income i.year age1 age2 age3 age4 D_1976_2 - D_
> 2007_31 if sex==2, fe
i.year            _Iyear_1972-2008    (naturally coded; _Iyear_1972 omitted)
note: _Iyear_2008 omitted because of collinearity

Fixed-effects (within) regression               Number of obs      =   6866066
Group variable: pid                             Number of groups   =    273276

R-sq:  within  = 0.3410                         Obs per group: min =         1
       between = 0.0035                                        avg =      25.1
       overall = 0.1294                                        max =        37

                                                F(135,6592655)     =  25274.73
corr(u_i, Xb)  = -0.1337                        Prob > F           =    0.0000

------------------------------------------------------------------------------
real_annua~e |      Coef.   Std. Err.      t    P>|t|     [95% Conf. Interval]
-------------+----------------------------------------------------------------
 _Iyear_1973 |   12.94437    .240782    53.76   0.000     12.47245     13.4163
 _Iyear_1974 |   24.46604   .2335211   104.77   0.000     24.00834    24.92373
 _Iyear_1975 |   35.44669   .2277022   155.67   0.000      35.0004    35.89297
 _Iyear_1976 |   45.04477   .2241782   200.93   0.000     44.60539    45.48415
 _Iyear_1977 |   57.51434   .2184831   263.24   0.000     57.08612    57.94256
 _Iyear_1978 |    70.8701   .2132647   332.31   0.000     70.45211     71.2881
 _Iyear_1979 |   83.54604   .2080566   401.55   0.000     83.13825    83.95382
 _Iyear_1980 |   95.54296   .2067725   462.07   0.000     95.13769    95.94823
 _Iyear_1981 |   100.7658   .2059005   489.39   0.000     100.3623    101.1694
 _Iyear_1982 |   106.9695    .205413   520.75   0.000     106.5669    107.3722
 _Iyear_1983 |   114.8061    .205269   559.30   0.000     114.4038    115.2084
 _Iyear_1984 |   111.7065   .2054543   543.70   0.000     111.3038    112.1092
 _Iyear_1985 |   118.6751   .2083872   569.49   0.000     118.2667    119.0835
 _Iyear_1986 |   127.9698   .2111829   605.97   0.000     127.5559    128.3837
 _Iyear_1987 |   133.8893    .214169   625.16   0.000     133.4695     134.309
 _Iyear_1988 |   137.8583    .217735   633.15   0.000     137.4315     138.285
 _Iyear_1989 |   145.3254    .221798   655.22   0.000     144.8907    145.7601
 _Iyear_1990 |   155.3188   .2260805   687.01   0.000     154.8757    155.7619
 _Iyear_1991 |   167.2652   .2310795   723.84   0.000     166.8123    167.7181
 _Iyear_1992 |   175.0885   .2368329   739.29   0.000     174.6243    175.5527
 _Iyear_1993 |   179.4679   .2426738   739.54   0.000     178.9922    179.9435
 _Iyear_1994 |   183.1005   .2492913   734.48   0.000     182.6119    183.5891
 _Iyear_1995 |   188.8805   .2564155   736.62   0.000     188.3779    189.3831
 _Iyear_1996 |   192.2207     .26424   727.45   0.000     191.7028    192.7386
 _Iyear_1997 |   195.1583   .2717665   718.11   0.000     194.6256    195.6909
 _Iyear_1998 |   201.0178   .2789385   720.65   0.000     200.4711    201.5645
 _Iyear_1999 |   208.9443   .2866909   728.81   0.000     208.3824    209.5062
 _Iyear_2000 |   211.3854   .2949197   716.76   0.000     210.8073    211.9634
 _Iyear_2001 |   216.2126   .3025157   714.72   0.000     215.6197    216.8055
 _Iyear_2002 |    220.437   .3101604   710.72   0.000     219.8291    221.0449
 _Iyear_2003 |   226.3727   .3184019   710.97   0.000     225.7486    226.9967
 _Iyear_2004 |   230.2647   .3274453   703.22   0.000     229.6229    230.9065
 _Iyear_2005 |   235.3125   .3365996   699.09   0.000     234.6528    235.9722
 _Iyear_2006 |   243.4277   .3459378   703.67   0.000     242.7497    244.1058
 _Iyear_2007 |   239.0289   .3553931   672.58   0.000     238.3323    239.7254
 _Iyear_2008 |          0  (omitted)
        age1 |   62.12981   .3165284   196.29   0.000     61.50943     62.7502
        age2 |  -2.753277   .0131165  -209.91   0.000    -2.778984   -2.727569
        age3 |   .0515098   .0002322   221.83   0.000     .0510547    .0519649
        age4 |  -.0003511   1.49e-06  -235.59   0.000    -.0003541   -.0003482
    D_1976_2 |  -10.75223   1.406523    -7.64   0.000    -13.50896   -7.995494
    D_1976_1 |  -5.824283   1.589657    -3.66   0.000    -8.939954   -2.708611
    D_1976_0 |  -3.685555   1.806328    -2.04   0.041    -7.225893   -.1452174
    D_1977_3 |  -9.142604   1.362661    -6.71   0.000    -11.81337   -6.471837
    D_1977_2 |  -8.500872     1.5332    -5.54   0.000    -11.50589   -5.495855
    D_1977_1 |  -6.905235   1.740044    -3.97   0.000    -10.31566   -3.494811
    D_1978_4 |  -15.53959    1.32844   -11.70   0.000    -18.14329    -12.9359
    D_1978_3 |  -13.42611   1.482274    -9.06   0.000    -16.33131    -10.5209
    D_1978_2 |  -11.90966   1.692561    -7.04   0.000    -15.22702   -8.592299
    D_1979_5 |  -19.43951   1.288343   -15.09   0.000    -21.96462    -16.9144
    D_1979_4 |  -18.10553   1.429533   -12.67   0.000    -20.90736   -15.30369
    D_1979_3 |  -15.83208   1.637987    -9.67   0.000    -19.04248   -12.62169
    D_1980_6 |  -22.74849   1.289498   -17.64   0.000    -25.27586   -20.22112
    D_1980_5 |  -21.44492   1.381942   -15.52   0.000    -24.15348   -18.73636
    D_1980_4 |  -19.77756   1.584307   -12.48   0.000    -22.88274   -16.67237
    D_1981_7 |  -58.62148   1.282881   -45.70   0.000    -61.13588   -56.10708
    D_1981_6 |  -19.44074   1.382457   -14.06   0.000    -22.15031   -16.73118
    D_1981_5 |  -20.72496   1.551336   -13.36   0.000    -23.76553    -17.6844
    D_1982_8 |  -55.07662     1.4926   -36.90   0.000    -58.00207   -52.15118
    D_1982_7 |  -53.99582     1.3775   -39.20   0.000    -56.69567   -51.29597
    D_1982_6 |  -22.20829   1.551725   -14.31   0.000    -25.24961   -19.16696
    D_1983_9 |  -57.62586   1.504981   -38.29   0.000    -60.57557   -54.67615
    D_1983_8 |  -52.44441   1.567827   -33.45   0.000    -55.51729   -49.37153
    D_1983_7 |  -55.78955   1.546203   -36.08   0.000    -58.82005   -52.75904
   D_1984_10 |  -55.20694     1.5074   -36.62   0.000    -58.16139   -52.25249
    D_1984_9 |  -43.34713   1.564455   -27.71   0.000     -46.4134   -40.28085
    D_1984_8 |  -43.74698   1.700606   -25.72   0.000    -47.08011   -40.41385
   D_1985_11 |  -53.17191   1.522407   -34.93   0.000    -56.15578   -50.18805
   D_1985_10 |  -44.46549   1.577028   -28.20   0.000    -47.55641   -41.37457
    D_1985_9 |  -40.00393   1.705867   -23.45   0.000    -43.34736   -36.66049
   D_1986_12 |  -54.20889   1.538859   -35.23   0.000    -57.22499   -51.19278
   D_1986_11 |  -46.01485   1.595621   -28.84   0.000    -49.14221   -42.88749
   D_1986_10 |  -39.14478   1.725938   -22.68   0.000    -42.52755     -35.762
   D_1987_13 |  -55.08851   1.565507   -35.19   0.000    -58.15685   -52.02017
   D_1987_12 |  -45.00118   1.616238   -27.84   0.000    -48.16894   -41.83341
   D_1987_11 |  -42.55343   1.750654   -24.31   0.000    -45.98465   -39.12221
   D_1988_14 |  -53.28307   1.587553   -33.56   0.000    -56.39462   -50.17152
   D_1988_13 |  -45.73888   1.640518   -27.88   0.000    -48.95424   -42.52353
   D_1988_12 |  -45.65515   1.778392   -25.67   0.000    -49.14074   -42.16957
   D_1989_15 |  -54.75887   1.594532   -34.34   0.000     -57.8841   -51.63365
   D_1989_14 |  -43.87449   1.661455   -26.41   0.000    -47.13089    -40.6181
   D_1989_13 |  -42.92023   1.806055   -23.76   0.000    -46.46003   -39.38043
   D_1990_16 |  -58.58184   1.595619   -36.71   0.000     -61.7092   -55.45449
   D_1990_15 |  -47.67361    1.66569   -28.62   0.000    -50.93831   -44.40892
   D_1990_14 |  -45.33524   1.820653   -24.90   0.000    -48.90366   -41.76683
   D_1991_17 |  -61.92304   1.612559   -38.40   0.000     -65.0836   -58.76248
   D_1991_16 |  -51.64289   1.681054   -30.72   0.000     -54.9377   -48.34809
   D_1991_15 |   -46.7704   1.850073   -25.28   0.000    -50.39648   -43.14432
   D_1992_18 |  -64.59132   1.634112   -39.53   0.000    -67.79412   -61.38852
   D_1992_17 |  -53.42821   1.696963   -31.48   0.000    -56.75419   -50.10222
   D_1992_16 |  -48.49379   1.883928   -25.74   0.000    -52.18622   -44.80136
   D_1993_19 |  -65.38827   1.658074   -39.44   0.000    -68.63803    -62.1385
   D_1993_18 |  -56.26839   1.713124   -32.85   0.000    -59.62605   -52.91073
   D_1993_17 |  -53.74867   1.901616   -28.26   0.000    -57.47577   -50.02157
   D_1994_20 |  -65.18899   1.685113   -38.69   0.000    -68.49175   -61.88623
   D_1994_19 |  -53.15302   1.742745   -30.50   0.000    -56.56873    -49.7373
   D_1994_18 |  -51.58252   1.927641   -26.76   0.000    -55.36063   -47.80442
   D_1995_21 |  -67.29051   1.709471   -39.36   0.000    -70.64101   -63.94001
   D_1995_20 |  -56.16343   1.761655   -31.88   0.000    -59.61621   -52.71065
   D_1995_19 |  -51.77442   1.941345   -26.67   0.000    -55.57938   -47.96945
   D_1996_22 |  -67.82203   1.740781   -38.96   0.000     -71.2339   -64.41016
   D_1996_21 |  -55.67766   1.788338   -31.13   0.000    -59.18274   -52.17258
   D_1996_20 |  -54.99478   1.976232   -27.83   0.000    -58.86812   -51.12144
   D_1997_23 |  -68.51584   1.766927   -38.78   0.000    -71.97896   -65.05273
   D_1997_22 |  -55.31643   1.804169   -30.66   0.000    -58.85253   -51.78032
   D_1997_21 |  -51.44754   2.001833   -25.70   0.000    -55.37106   -47.52402
   D_1998_24 |  -70.33779   1.787421   -39.35   0.000    -73.84107   -66.83451
   D_1998_23 |  -55.87704   1.820126   -30.70   0.000    -59.44442   -52.30966
   D_1998_22 |  -55.02523   2.006943   -27.42   0.000    -58.95877   -51.09169
   D_1999_25 |  -69.05235   1.810447   -38.14   0.000    -72.60076   -65.50394
   D_1999_24 |  -57.11513   1.841694   -31.01   0.000    -60.72478   -53.50547
   D_1999_23 |  -51.74961   2.040076   -25.37   0.000    -55.74809   -47.75113
   D_2000_26 |  -68.70899   1.831334   -37.52   0.000    -72.29834   -65.11965
   D_2000_25 |  -55.78969   1.864947   -29.91   0.000    -59.44492   -52.13446
   D_2000_24 |  -51.46213   2.059532   -24.99   0.000    -55.49873   -47.42552
   D_2001_27 |  -69.64557   1.844534   -37.76   0.000    -73.26079   -66.03035
   D_2001_26 |  -55.78881    1.89085   -29.50   0.000    -59.49481   -52.08281
   D_2001_25 |  -54.02648   2.073023   -26.06   0.000    -58.08953   -49.96343
   D_2002_28 |  -70.89277   1.869658   -37.92   0.000    -74.55723   -67.22831
   D_2002_27 |   -53.4632   1.914581   -27.92   0.000    -57.21571   -49.71069
   D_2002_26 |  -56.85951   2.108572   -26.97   0.000    -60.99223   -52.72678
   D_2003_29 |  -72.93222   1.895696   -38.47   0.000    -76.64771   -69.21672
   D_2003_28 |  -56.34185   1.942787   -29.00   0.000    -60.14964   -52.53405
   D_2003_27 |  -57.95414   2.128781   -27.22   0.000    -62.12647    -53.7818
   D_2004_30 |  -69.91404   1.930915   -36.21   0.000    -73.69857   -66.12952
   D_2004_29 |  -54.99155   1.965897   -27.97   0.000    -58.84464   -51.13846
   D_2004_28 |  -56.33537   2.150796   -26.19   0.000    -60.55086   -52.11989
   D_2005_31 |  -70.98759   1.968921   -36.05   0.000     -74.8466   -67.12857
   D_2005_30 |  -57.70806   1.976418   -29.20   0.000    -61.58177   -53.83436
   D_2005_29 |  -55.81122   2.180473   -25.60   0.000    -60.08487   -51.53758
   D_2006_32 |  -72.31511   2.009889   -35.98   0.000    -76.25442    -68.3758
   D_2006_31 |    -58.811   2.000975   -29.39   0.000    -62.73284   -54.88916
   D_2006_30 |   -55.3212   2.219422   -24.93   0.000    -59.67119   -50.97121
   D_2007_33 |  -68.15005   2.050728   -33.23   0.000     -72.1694   -64.13069
   D_2007_32 |  -58.11491   2.027872   -28.66   0.000    -62.08946   -54.14035
   D_2007_31 |  -56.57608    2.24385   -25.21   0.000    -60.97394   -52.17821
       _cons |  -397.8971   2.750417  -144.67   0.000    -403.2878   -392.5064
-------------+----------------------------------------------------------------
     sigma_u |  94.250608
     sigma_e |  71.698453
         rho |  .63343377   (fraction of variance due to u_i)
------------------------------------------------------------------------------
F test that all u_i=0:     F(273275, 6592655) =    38.43     Prob > F = 0.0000

.         xi: xtreg real_annual_income_coded i.year age1 age2 age3 age4 D_1976_
> 2 - D_2007_31 if sex==2, fe
i.year            _Iyear_1972-2008    (naturally coded; _Iyear_1972 omitted)
note: _Iyear_2008 omitted because of collinearity

Fixed-effects (within) regression               Number of obs      =   6866066
Group variable: pid                             Number of groups   =    273276

R-sq:  within  = 0.3804                         Obs per group: min =         1
       between = 0.0053                                        avg =      25.1
       overall = 0.1532                                        max =        37

                                                F(135,6592655)     =  29979.12
corr(u_i, Xb)  = -0.1614                        Prob > F           =    0.0000

------------------------------------------------------------------------------
real_annua~d |      Coef.   Std. Err.      t    P>|t|     [95% Conf. Interval]
-------------+----------------------------------------------------------------
 _Iyear_1973 |   11.70359   .1947956    60.08   0.000      11.3218    12.08539
 _Iyear_1974 |   22.08887   .1889214   116.92   0.000     21.71859    22.45914
 _Iyear_1975 |   32.09533   .1842139   174.23   0.000     31.73428    32.45638
 _Iyear_1976 |   41.42991   .1813629   228.44   0.000     41.07445    41.78537
 _Iyear_1977 |   53.67879   .1767555   303.69   0.000     53.33236    54.02523
 _Iyear_1978 |   66.95469   .1725337   388.07   0.000     66.61653    67.29285
 _Iyear_1979 |   79.51521   .1683203   472.40   0.000     79.18531    79.84511
 _Iyear_1980 |    90.9398   .1672815   543.63   0.000     90.61193    91.26766
 _Iyear_1981 |    95.1528    .166576   571.23   0.000     94.82632    95.47928
 _Iyear_1982 |   100.7533   .1661816   606.28   0.000     100.4276     101.079
 _Iyear_1983 |   108.1799   .1660651   651.43   0.000     107.8545    108.5054
 _Iyear_1984 |   104.8995    .166215   631.11   0.000     104.5737    105.2253
 _Iyear_1985 |   110.5353   .1685878   655.65   0.000     110.2049    110.8658
 _Iyear_1986 |   119.0684   .1708496   696.92   0.000     118.7335    119.4032
 _Iyear_1987 |   123.9071   .1732654   715.13   0.000     123.5675    124.2467
 _Iyear_1988 |   128.1225   .1761503   727.35   0.000     127.7772    128.4677
 _Iyear_1989 |   133.8156   .1794373   745.75   0.000     133.4639    134.1673
 _Iyear_1990 |   140.6436   .1829019   768.96   0.000     140.2851    141.0021
 _Iyear_1991 |   148.9062   .1869462   796.52   0.000     148.5398    149.2726
 _Iyear_1992 |   155.5433   .1916007   811.81   0.000     155.1678    155.9189
 _Iyear_1993 |    159.263   .1963261   811.22   0.000     158.8782    159.6478
 _Iyear_1994 |   164.9254   .2016797   817.76   0.000     164.5301    165.3207
 _Iyear_1995 |   170.7959   .2074433   823.34   0.000     170.3893    171.2024
 _Iyear_1996 |   174.5429   .2137734   816.49   0.000      174.124    174.9619
 _Iyear_1997 |   179.1557   .2198624   814.85   0.000     178.7248    179.5866
 _Iyear_1998 |   185.1844   .2256647   820.62   0.000     184.7421    185.6267
 _Iyear_1999 |   191.8087   .2319364   826.99   0.000     191.3541    192.2633
 _Iyear_2000 |   194.2356   .2385936   814.09   0.000      193.768    194.7032
 _Iyear_2001 |   198.8133   .2447389   812.35   0.000     198.3336     199.293
 _Iyear_2002 |   201.8192   .2509235   804.31   0.000     201.3274     202.311
 _Iyear_2003 |   207.7395    .257591   806.47   0.000     207.2347    208.2444
 _Iyear_2004 |    212.096   .2649072   800.64   0.000     211.5768    212.6152
 _Iyear_2005 |   218.1234   .2723132   801.00   0.000     217.5897    218.6571
 _Iyear_2006 |   225.9782   .2798679   807.45   0.000     225.4297    226.5267
 _Iyear_2007 |   225.4891   .2875173   784.26   0.000     224.9256    226.0526
 _Iyear_2008 |          0  (omitted)
        age1 |   59.05279   .2560753   230.61   0.000     58.55089    59.55469
        age2 |  -2.520642   .0106114  -237.54   0.000     -2.54144   -2.499844
        age3 |   .0458723   .0001879   244.19   0.000     .0455041    .0462405
        age4 |  -.0003082   1.21e-06  -255.57   0.000    -.0003105   -.0003058
    D_1976_2 |  -9.476375   1.137894    -8.33   0.000    -11.70661   -7.246143
    D_1976_1 |  -4.891892   1.286052    -3.80   0.000    -7.412508   -2.371276
    D_1976_0 |  -2.894742   1.461341    -1.98   0.048    -5.758918   -.0305656
    D_1977_3 |  -7.638467   1.102409    -6.93   0.000     -9.79915   -5.477784
    D_1977_2 |  -7.622549   1.240378    -6.15   0.000    -10.05364   -5.191453
    D_1977_1 |  -5.922752   1.407717    -4.21   0.000    -8.681826   -3.163678
    D_1978_4 |  -14.22916   1.074724   -13.24   0.000    -16.33559   -12.12274
    D_1978_3 |  -12.59529   1.199178   -10.50   0.000    -14.94564   -10.24495
    D_1978_2 |  -10.63022   1.369302    -7.76   0.000    -13.31401   -7.946439
    D_1979_5 |  -18.31906   1.042285   -17.58   0.000     -20.3619   -16.27622
    D_1979_4 |  -17.61055    1.15651   -15.23   0.000    -19.87727   -15.34383
    D_1979_3 |  -14.25486   1.325152   -10.76   0.000    -16.85211   -11.65761
    D_1980_6 |  -21.45158    1.04322   -20.56   0.000    -23.49625    -19.4069
    D_1980_5 |  -20.94231   1.118008   -18.73   0.000    -23.13357   -18.75105
    D_1980_4 |  -18.22584   1.281723   -14.22   0.000    -20.73798   -15.71371
    D_1981_7 |  -56.35932   1.037866   -54.30   0.000     -58.3935   -54.32514
    D_1981_6 |  -18.30459   1.118424   -16.37   0.000    -20.49667   -16.11252
    D_1981_5 |  -18.90512    1.25505   -15.06   0.000    -21.36497   -16.44527
    D_1982_8 |  -51.34224   1.207532   -42.52   0.000    -53.70896   -48.97552
    D_1982_7 |  -52.72463   1.114414   -47.31   0.000    -54.90884   -50.54042
    D_1982_6 |  -20.01685   1.255364   -15.95   0.000    -22.47732   -17.55639
    D_1983_9 |  -53.85544   1.217548   -44.23   0.000    -56.24179   -51.46908
    D_1983_8 |  -50.88248   1.268391   -40.12   0.000    -53.36848   -48.39648
    D_1983_7 |  -53.15498   1.250898   -42.49   0.000     -55.6067   -50.70327
   D_1984_10 |  -51.33628   1.219505   -42.10   0.000    -53.72646   -48.94609
    D_1984_9 |  -41.81834   1.265663   -33.04   0.000    -44.29899   -39.33768
    D_1984_8 |  -40.68317   1.375811   -29.57   0.000    -43.37971   -37.98663
   D_1985_11 |  -48.81892   1.231646   -39.64   0.000     -51.2329   -46.40494
   D_1985_10 |  -42.10756   1.275835   -33.00   0.000    -44.60815   -39.60697
    D_1985_9 |  -35.86445   1.380067   -25.99   0.000    -38.56933   -33.15956
   D_1986_12 |  -49.50198   1.244956   -39.76   0.000    -51.94205   -47.06191
   D_1986_11 |   -43.0523   1.290877   -33.35   0.000    -45.58237   -40.52222
   D_1986_10 |  -34.95064   1.396305   -25.03   0.000    -37.68735   -32.21393
   D_1987_13 |  -50.07879   1.266515   -39.54   0.000    -52.56112   -47.59647
   D_1987_12 |    -41.428   1.307556   -31.68   0.000    -43.99077   -38.86524
   D_1987_11 |  -37.77756     1.4163   -26.67   0.000    -40.55346   -35.00166
   D_1988_14 |  -48.67289    1.28435   -37.90   0.000    -51.19017   -46.15561
   D_1988_13 |  -42.99689   1.327199   -32.40   0.000    -45.59815   -40.39563
   D_1988_12 |  -41.10243   1.438741   -28.57   0.000    -43.92231   -38.28255
   D_1989_15 |  -49.66685   1.289996   -38.50   0.000     -52.1952   -47.13851
   D_1989_14 |  -40.56399   1.344137   -30.18   0.000    -43.19845   -37.92953
   D_1989_13 |  -37.20711    1.46112   -25.46   0.000    -40.07086   -34.34337
   D_1990_16 |  -51.36144   1.290875   -39.79   0.000    -53.89151   -48.83137
   D_1990_15 |  -42.86779   1.347563   -31.81   0.000    -45.50897   -40.22661
   D_1990_14 |  -37.96377   1.472931   -25.77   0.000    -40.85067   -35.07688
   D_1991_17 |  -52.02464    1.30458   -39.88   0.000    -54.58157   -49.46771
   D_1991_16 |  -44.16141   1.359993   -32.47   0.000    -46.82695   -41.49587
   D_1991_15 |  -37.16061   1.496731   -24.83   0.000    -40.09415   -34.22707
   D_1992_18 |  -53.97371   1.322017   -40.83   0.000    -56.56482    -51.3826
   D_1992_17 |  -44.78253   1.372863   -32.62   0.000    -47.47329   -42.09177
   D_1992_16 |  -37.49985   1.524121   -24.60   0.000    -40.48707   -34.51263
   D_1993_19 |  -54.66015   1.341402   -40.75   0.000    -57.28925   -52.03105
   D_1993_18 |  -46.68411   1.385939   -33.68   0.000     -49.4005   -43.96772
   D_1993_17 |  -42.38981    1.53843   -27.55   0.000    -45.40507   -39.37454
   D_1994_20 |  -55.86538   1.363277   -40.98   0.000    -58.53736   -53.19341
   D_1994_19 |   -44.5638   1.409902   -31.61   0.000    -47.32715   -41.80044
   D_1994_18 |      -42.4   1.559485   -27.19   0.000    -45.45654   -39.34346
   D_1995_21 |  -57.78151   1.382983   -41.78   0.000     -60.4921   -55.07091
   D_1995_20 |  -47.49661     1.4252   -33.33   0.000    -50.28995   -44.70327
   D_1995_19 |  -42.92575   1.570572   -27.33   0.000    -46.00402   -39.84749
   D_1996_22 |  -58.23584   1.408313   -41.35   0.000    -60.99609    -55.4756
   D_1996_21 |  -46.96003   1.446787   -32.46   0.000    -49.79568   -44.12438
   D_1996_20 |  -45.89686   1.598796   -28.71   0.000    -49.03045   -42.76328
   D_1997_23 |  -60.24628   1.429466   -42.15   0.000    -63.04798   -57.44458
   D_1997_22 |  -47.94779   1.459595   -32.85   0.000    -50.80855   -45.08704
   D_1997_21 |  -44.62606   1.619507   -27.56   0.000    -47.80023   -41.45188
   D_1998_24 |  -62.64863   1.446046   -43.32   0.000    -65.48283   -59.81444
   D_1998_23 |   -48.2829   1.472504   -32.79   0.000    -51.16895   -45.39684
   D_1998_22 |  -48.24471   1.623641   -29.71   0.000    -51.42698   -45.06243
   D_1999_25 |  -59.90739   1.464674   -40.90   0.000     -62.7781   -57.03668
   D_1999_24 |  -48.26039   1.489953   -32.39   0.000    -51.18065   -45.34014
   D_1999_23 |  -44.50933   1.650447   -26.97   0.000    -47.74415   -41.27452
   D_2000_26 |  -58.85517   1.481571   -39.72   0.000      -61.759   -55.95135
   D_2000_25 |  -46.77324   1.508765   -31.00   0.000    -49.73036   -43.81611
   D_2000_24 |  -43.81407   1.666187   -26.30   0.000    -47.07973    -40.5484
   D_2001_27 |  -58.42553   1.492251   -39.15   0.000    -61.35028   -55.50077
   D_2001_26 |  -46.20478    1.52972   -30.20   0.000    -49.20297   -43.20658
   D_2001_25 |   -46.2376   1.677101   -27.57   0.000    -49.52466   -42.95054
   D_2002_28 |  -58.43421   1.512576   -38.63   0.000    -61.39881   -55.46962
   D_2002_27 |  -43.37313   1.548919   -28.00   0.000    -46.40896    -40.3373
   D_2002_26 |  -47.31675   1.705861   -27.74   0.000    -50.66018   -43.97332
   D_2003_29 |  -59.75495   1.533641   -38.96   0.000    -62.76083   -56.74906
   D_2003_28 |   -45.4279   1.571738   -28.90   0.000    -48.50845   -42.34735
   D_2003_27 |  -48.17828   1.722209   -27.97   0.000    -51.55375   -44.80281
   D_2004_30 |  -56.76238   1.562134   -36.34   0.000    -59.82411   -53.70065
   D_2004_29 |  -44.67913   1.590434   -28.09   0.000    -47.79632   -41.56193
   D_2004_28 |  -46.05759    1.74002   -26.47   0.000    -49.46797   -42.64722
   D_2005_31 |  -57.82694   1.592881   -36.30   0.000    -60.94893   -54.70495
   D_2005_30 |  -47.36965   1.598947   -29.63   0.000    -50.50353   -44.23577
   D_2005_29 |  -45.61061   1.764029   -25.86   0.000    -49.06804   -42.15317
   D_2006_32 |  -59.15962   1.626025   -36.38   0.000    -62.34657   -55.97267
   D_2006_31 |   -47.8139   1.618813   -29.54   0.000    -50.98671   -44.64108
   D_2006_30 |  -44.74736    1.79554   -24.92   0.000    -48.26655   -41.22816
   D_2007_33 |  -58.18983   1.659064   -35.07   0.000    -61.44154   -54.93812
   D_2007_32 |  -50.37521   1.640573   -30.71   0.000    -53.59068   -47.15975
   D_2007_31 |  -48.76928   1.815302   -26.87   0.000    -52.32721   -45.21135
       _cons |  -393.4924   2.225121  -176.84   0.000    -397.8536   -389.1313
-------------+----------------------------------------------------------------
     sigma_u |  75.722252
     sigma_e |  58.004924
         rho |  .63020313   (fraction of variance due to u_i)
------------------------------------------------------------------------------
F test that all u_i=0:     F(273275, 6592655) =    35.66     Prob > F = 0.0000

.         
. 
. 
end of do-file
