
  ___  ____  ____  ____  ____ (R)
 /__    /   ____/   /   ____/
___/   /   /___/   /   /___/   13.0   Copyright 1985-2013 StataCorp LP
  Statistics/Data Analysis            StataCorp
                                      4905 Lakeway Drive
     MP - Parallel Edition            College Station, Texas 77845 USA
                                      800-STATA-PC        http://www.stata.com
                                      979-696-4600        stata@stata.com
                                      979-696-4601 (fax)

2-user 16-core Stata network perpetual license:
       Serial number:  501306200703
         Licensed to:  HPC, ITS
                       New York University, NY

Notes:
      1.  (-v# option or -set maxvar-) 5000 maximum variables
      2.  Command line editing disabled
      3.  Stata running in batch mode

Note:  Your site can add messages to the introduction by editing the file
       stata.msg in the directory where Stata is installed.

. do 130809_regressions_all_years.do 

. * CREATE FILES FOR THE REGRESSION
. * CHOOSE THE CONTROL AND TREATMENT GROUPS, MATCH THEM WITH THE HISTORY
. 
. local filepath "/scratch/kb103/stata/earnings_losses"

. 
. ***** CREATE FILES****************************************
. /*
> use "`filepath'/control_Davis_ind_1.dta"
> forval ii = 2/10{
>         append using "`filepath'/control_Davis_ind_`ii'.dta"
> }
> gen int year_mass_layoff = year+1
> save "`filepath'/control_Davis_ind_all.dta", replace
> 
> clear
> 
> use "`filepath'/control_treatment_ind_1.dta"
> forval ii = 2/10{
>         append using "`filepath'/control_treatment_ind_`ii'.dta"
> }
> gen int year_mass_layoff = year
> save "`filepath'/control_treatment_ind_all.dta", replace
> 
> clear
> use "`filepath'/control_Davis_ind_all.dta"
> append using "`filepath'/control_treatment_ind_all.dta"
> save "`filepath'/control_treatment_all_measures.dta"
> 
> clear
> 
> use "`filepath'/employed_UStype_1_0.dta"
> append using "`filepath'/employed_UStype_1_1.dta"
> forval ii = 2/10{
>         append using "`filepath'/employed_UStype_`ii'_0.dta"
>         append using "`filepath'/employed_UStype_`ii'_1.dta"
> }
> save "`filepath'/employed_UStype_all.dta", replace
> 
> */
. 
. /*
> ***** THIS IS JUST A TESTING SAMPLE ******************************
> 
> use "`filepath'/employed_UStype_1_1.dta"
> gen double r=runiform()
> keep if r<0.1
> saveold "`filepath'/employed_UStype_1_1_sample.dta", replace
> 
> use  "`filepath'/control_treatment_ind_all.dta", replace
> keep if year_mass_layoff==1982
> saveold "`filepath'/control_treatment_ind_all_1982.dta", replace
> 
> */
. 
. ***** CREATE FILES FOR EACH YEAR ******************************
. 
. /*
> forval yy = 2005/2007{
>         
>         * TREATMENT AND CONTROL IN A GIVEN DISPLACEMENT YEAR
>         use "`filepath'/control_treatment_ind_all.dta", clear
>         keep if year_mass_layoff ==`yy'
>         sort pid fid days_worked_beginning
>         drop if days_worked_beginning==.
>         drop if days_worked_beginning<100
>         by pid fid: gen int index = _n
>         keep if index ==1
>         drop index
>         by pid: gen int index = _n
>         by pid: egen int index2 = max(index)
>         save "`filepath'/temp_`yy'.dta", replace
>         
>         drop if index2>1
>         drop index index2
>         rename fid fid_ML 
>         drop year
>         save "`filepath'/control_treatment_ind_year`yy'.dta", replace
>         
>         use "`filepath'/temp_`yy'.dta", clear
>         keep if index2>1
>         rename fid fid_ML 
>         drop year
>         save "`filepath'/control_treatment_ind_multi_year`yy'.dta", replace
>         
>         * DAVIS MEASURE
>         use "`filepath'/control_Davis_ind_all.dta", clear
>         keep if year_mass_layoff ==`yy'
>         sort pid fid days_worked_beginning
>         drop if days_worked_beginning==.
>         drop if days_worked_beginning<100
>         by pid fid: gen int index = _n
>         keep if index ==1
>         drop index
>         by pid: gen int index = _n
>         by pid: egen int index2 = max(index)
>         save "`filepath'/Dtemp_`yy'.dta", replace
>         
>         drop if index2>1
>         drop index index2
>         rename fid fid_ML 
>         drop year
>         save "`filepath'/control_Davis_ind_year`yy'.dta", replace
>         
>         use "`filepath'/Dtemp_`yy'.dta", clear
>         keep if index>1
>         rename fid fid_ML 
>         drop year
>         save "`filepath'/control_Davis_ind_multi_year`yy'.dta", replace
> 
>         * MERGE WITH EMPLOYMENT SPELLS
>         use "`filepath'/employed_UStype_all.dta", clear
>         merge m:1 pid using "`filepath'/control_treatment_ind_year`yy'.dta", 
> keep(match)
>         save "`filepath'/EL_ind_year`yy'.dta", replace
>         
>         * MERGE WITH EMPLOYMENT SPELLS
>         use "`filepath'/employed_UStype_all.dta", clear
>         merge m:1 pid using "`filepath'/control_Davis_ind_year`yy'.dta", keep
> (match)
>         save "`filepath'/EL_Davis_ind_year`yy'.dta", replace
>         
> }
> 
> 
> * GENERATE ANNUAL INCOME
> forval yy = 2005/2007{
>         
>         * TREATMENT AND CONTROL IN A GIVEN DISPLACEMENT YEAR
>         use "`filepath'/EL_ind_year`yy'.dta"
>         drop if income==.
>         gen real_annual_income_T = income/30*btag/(cpi/100)
>         gen real_annual_income_coded_T = income_coded/30*btag/(cpi/100)
> 
>         sort pid year
>         by pid year: gen int index = _n
>         by pid year: egen real_annual_income = total(real_annual_income_T)
>         by pid year: egen real_annual_income_coded = total(real_annual_income
> _coded_T)
>         keep if index == 1
>         drop index
>         keep year pid real_annual_income real_annual_income_coded day* sex ag
> e CG* TG* fid_ML
>         gen int year_mass_layoff = `yy'
>         save "`filepath'/EL_annual_income_year`yy'.dta", replace
>         
>         * TREATMENT DAVIS MEASURE
>         
>         use "`filepath'/EL_Davis_ind_year`yy'.dta", clear
>         drop if income==.
>         gen real_annual_income_T = income/30*btag/(cpi/100)
>         gen real_annual_income_coded_T = income_coded/30*btag/(cpi/100)
> 
>         sort pid year
>         by pid year: gen int index = _n
>         by pid year: egen real_annual_income = total(real_annual_income_T)
>         by pid year: egen real_annual_income_coded = total(real_annual_income
> _coded_T)
>         keep if index == 1
>         drop index
>         keep year pid real_annual_income real_annual_income_coded day* sex ag
> e TG* fid_ML year_mass_layoff
> 
>         save "`filepath'/EL_Davis_annual_income_year`yy'.dta", replace       
>    
> }
>         
> * CREATE FILES FOR REPLICATING DAVIS REGRESSIONS
> 
> forval yy = 2003/2005{  
>         * DEAL WITH DUPLICATE OBSERVATIONS - IF A WORKER IS IN MORE THAN ONE 
> TREATMENT/CONTROL GROUP
>         
>         * CONTROL GROUP
>         use "`filepath'/EL_annual_income_year`yy'.dta"
>         keep if CG3_men==1 | CG3_women==1
>         keep pid CG3*
>         by pid: gen int index = _n
>         keep if index==1
>         drop index
>         saveold "`filepath'/EL_pid_CG3`yy'.dta", replace
> 
>         * TREATMENT GROUP
>         local endy = `yy'+2
>         forval yy1 = `yy'/`endy'{
>                 use "`filepath'/EL_Davis_annual_income_year`yy1'.dta"
>                 by pid: gen int index = _n
>                 keep if index == 1
>                 drop index
>                 keep pid TG* year_mass_layoff
>                 saveold "`filepath'/EL_pid_TG`yy1'.dta", replace
>         }
>         
>         use "`filepath'/EL_pid_CG3`yy'.dta", clear
>         forval yy1 = `yy'/`endy'{
>                 append using "`filepath'/EL_pid_TG`yy1'.dta"
>         }
> 
>         sort pid
>         by pid: gen int index = _n
>         by pid: egen int maxindex = max(index)
>         keep if maxindex>1
>         drop index maxindex
>         sort pid
>         by pid: gen int index = _n
>         keep if index==1
>         keep pid
>         save  "`filepath'/EL_`yy'_todrop.dta", replace
> 
>         * CREATE A FILE FOR REGRESSION
>         clear
>         use "`filepath'/EL_annual_income_year`yy'.dta" 
>         keep if CG3_men==1 | CG3_women==1
>         forval yy1 = `yy'/`endy'{
>                 append using "`filepath'/EL_Davis_annual_income_year`yy1'.dta
> "
>         }
>         merge m:1 pid using "`filepath'/EL_`yy'_todrop.dta"
>         drop if _merge==3
>         drop _merge
>         save "`filepath'/xregression_annual_income_year`yy'.dta" , replace
> }       
> */
. 
. ***** REGRESSIONS **************************************************
. 
. forval yy = 1990/1999{          
  2.         use "`filepath'/xregression_annual_income_year`yy'.dta" , clear
  3.         gen byte treatment =1 if TG4davis_men==1 | TG4davis_women==1
  4.         
.         * GENERATE Dtk dummies
.         
.         gen int current_year = .
  5.         local maxround = 2007-`yy'
  6.         
.         forval kk = -6/`maxround'{
  7.                 
.                 replace current_year = year_mass_layoff +`kk' 
  8.                 
.                 local kx = `kk' + 6
  9.                 
.                 gen byte D_`kx' = 0
 10.                 replace D_`kx' = 1 if treatment == 1 & year == current_yea
> r
 11.                         
.         }
 12.         drop current_year
 13.         gen age1 = year - year_mass_layoff + age
 14.         gen age2 = age1^2
 15.         gen age3 = age1^3
 16.         gen age4 = age1^4
 17.         
.         sort pid year
 18.         xtset pid year
 19.         save "`filepath'/xregression_annual_income_year`yy'.dta" , replace
>       
 20.         
.         drop if age1>55
 21.         drop if year==2008
 22.         
.         *local maxround = 2007-1982
.         local lastD = `maxround'+6
 23.         
.         xi: xtreg real_annual_income_coded i.year age1 age2 age3 age4 D_0 - D
> _`lastD' if sex==1, fe
 24.         xi: xtreg real_annual_income_coded i.year age1 age2 age3 age4 D_0 
> - D_`lastD' if sex==2, fe
 25.         
. }       
(20439172 missing values generated)
(21705009 missing values generated)
(21705009 real changes made)
(40222 real changes made)
(21705009 real changes made)
(42584 real changes made)
(21705009 real changes made)
(44723 real changes made)
(21705009 real changes made)
(46944 real changes made)
(21705009 real changes made)
(46899 real changes made)
(21705009 real changes made)
(47936 real changes made)
(21705009 real changes made)
(42454 real changes made)
(21705009 real changes made)
(42232 real changes made)
(21705009 real changes made)
(41390 real changes made)
(21705009 real changes made)
(40539 real changes made)
(21705009 real changes made)
(39515 real changes made)
(21705009 real changes made)
(38577 real changes made)
(21705009 real changes made)
(37716 real changes made)
(21705009 real changes made)
(36964 real changes made)
(21705009 real changes made)
(36303 real changes made)
(21705009 real changes made)
(35551 real changes made)
(21705009 real changes made)
(34641 real changes made)
(21705009 real changes made)
(33587 real changes made)
(21705009 real changes made)
(32554 real changes made)
(21705009 real changes made)
(31605 real changes made)
(21705009 real changes made)
(30738 real changes made)
(21705009 real changes made)
(29937 real changes made)
(21705009 real changes made)
(28244 real changes made)
(21705009 real changes made)
(17131 real changes made)
       panel variable:  pid (unbalanced)
        time variable:  year, 1972 to 2008, but with gaps
                delta:  1 unit
file /scratch/kb103/stata/earnings_losses/xregression_annual_income_year1990.dt
> a saved
(934845 observations deleted)
(310142 observations deleted)
i.year            _Iyear_1972-2007    (naturally coded; _Iyear_1972 omitted)
note: _Iyear_2007 omitted because of collinearity

Fixed-effects (within) regression               Number of obs      =  12921772
Group variable: pid                             Number of groups   =    462083

R-sq:  within  = 0.6034                         Obs per group: min =         1
       between = 0.1101                                        avg =      28.0
       overall = 0.4021                                        max =        36

                                                F(62,12459627)     = 305767.51
corr(u_i, Xb)  = -0.1775                        Prob > F           =    0.0000

------------------------------------------------------------------------------
real_annua~d |      Coef.   Std. Err.      t    P>|t|     [95% Conf. Interval]
-------------+----------------------------------------------------------------
 _Iyear_1973 |   340.0096   15.78116    21.55   0.000     309.0791    370.9401
 _Iyear_1974 |   610.1983   15.30551    39.87   0.000        580.2    640.1965
 _Iyear_1975 |   584.7967   14.90666    39.23   0.000     555.5802    614.0132
 _Iyear_1976 |   668.6136    14.4973    46.12   0.000     640.1995    697.0278
 _Iyear_1977 |    1331.37   14.10497    94.39   0.000     1303.725    1359.015
 _Iyear_1978 |   1734.593   13.76193   126.04   0.000      1707.62    1761.566
 _Iyear_1979 |   1999.025   13.43693   148.77   0.000      1972.69    2025.361
 _Iyear_1980 |   1707.907   13.12663   130.11   0.000     1682.179    1733.635
 _Iyear_1981 |   1243.165   12.86889    96.60   0.000     1217.943    1268.388
 _Iyear_1982 |   721.6872   12.65513    57.03   0.000     696.8836    746.4908
 _Iyear_1983 |   520.9924   12.46448    41.80   0.000     496.5625    545.4223
 _Iyear_1984 |   158.7041   12.29384    12.91   0.000     134.6086    182.7996
 _Iyear_1985 |   334.3529   12.13999    27.54   0.000      310.559    358.1469
 _Iyear_1986 |   1009.532   12.01006    84.06   0.000     985.9926    1033.071
 _Iyear_1987 |   1404.832   11.86367   118.41   0.000     1381.579    1428.084
 _Iyear_1988 |   2040.183   11.84166   172.29   0.000     2016.974    2063.393
 _Iyear_1989 |    1980.63   11.83793   167.31   0.000     1957.428    2003.832
 _Iyear_1990 |   2006.453   11.85526   169.25   0.000     1983.217    2029.689
 _Iyear_1991 |   2190.489    11.8894   184.24   0.000     2167.186    2213.792
 _Iyear_1992 |   2013.893   11.94222   168.64   0.000     1990.486    2037.299
 _Iyear_1993 |   1602.653   12.07152   132.76   0.000     1578.993    1626.313
 _Iyear_1994 |   1761.874   12.21986   144.18   0.000     1737.924    1785.825
 _Iyear_1995 |   1914.451   12.37829   154.66   0.000      1890.19    1938.712
 _Iyear_1996 |   1576.389   12.67959   124.32   0.000     1551.538    1601.241
 _Iyear_1997 |   1640.362   12.98856   126.29   0.000     1614.904    1665.819
 _Iyear_1998 |   1790.741   13.30363   134.61   0.000     1764.666    1816.816
 _Iyear_1999 |   1913.592   13.63541   140.34   0.000     1886.867    1940.316
 _Iyear_2000 |   1451.779   13.95432   104.04   0.000     1424.429    1479.129
 _Iyear_2001 |   1052.073   14.31724    73.48   0.000     1024.012    1080.135
 _Iyear_2002 |   607.1015   14.73583    41.20   0.000     578.2198    635.9832
 _Iyear_2003 |    683.332   15.17111    45.04   0.000     653.5972    713.0669
 _Iyear_2004 |   480.0417    15.6112    30.75   0.000     449.4443    510.6391
 _Iyear_2005 |   517.8261   16.00116    32.36   0.000     486.4644    549.1878
 _Iyear_2006 |   819.4848    16.3707    50.06   0.000     787.3988    851.5708
 _Iyear_2007 |          0  (omitted)
        age1 |   7160.885   23.95564   298.92   0.000     7113.933    7207.837
        age2 |  -189.2118   1.083844  -174.57   0.000    -191.3361   -187.0876
        age3 |   2.281859   .0209558   108.89   0.000     2.240786    2.322931
        age4 |  -.0100971   .0001466   -68.86   0.000    -.0103845   -.0098097
         D_0 |  -929.0636   35.77328   -25.97   0.000     -999.178   -858.9492
         D_1 |  -1050.598   35.15109   -29.89   0.000    -1119.493    -981.703
         D_2 |  -1418.177   34.69141   -40.88   0.000    -1486.171   -1350.183
         D_3 |  -1489.914   34.18881   -43.58   0.000    -1556.923   -1422.905
         D_4 |  -1175.891   34.20323   -34.38   0.000    -1242.928   -1108.854
         D_5 |  -3079.983   33.88416   -90.90   0.000    -3146.395   -3013.571
         D_6 |  -2900.835   34.99083   -82.90   0.000    -2969.415   -2832.254
         D_7 |  -2717.972   35.12116   -77.39   0.000    -2786.808   -2649.135
         D_8 |  -2648.208   35.37076   -74.87   0.000    -2717.534   -2578.883
         D_9 |  -2695.421   35.69492   -75.51   0.000    -2765.381    -2625.46
        D_10 |  -2881.921   36.11766   -79.79   0.000     -2952.71   -2811.132
        D_11 |  -3016.427   36.54073   -82.55   0.000    -3088.046   -2944.809
        D_12 |  -3231.742   37.38102   -86.45   0.000    -3305.007   -3158.476
        D_13 |  -3185.698   38.12305   -83.56   0.000    -3260.417   -3110.978
        D_14 |  -3320.613   38.79881   -85.59   0.000    -3396.657   -3244.569
        D_15 |  -3368.031   39.53657   -85.19   0.000    -3445.521   -3290.541
        D_16 |  -3307.221   40.32365   -82.02   0.000    -3386.254   -3228.188
        D_17 |  -3343.636   41.17114   -81.21   0.000     -3424.33   -3262.942
        D_18 |  -3407.942    42.1632   -80.83   0.000    -3490.581   -3325.304
        D_19 |  -3421.281   43.15919   -79.27   0.000    -3505.871    -3336.69
        D_20 |  -3449.415   44.14819   -78.13   0.000    -3535.944   -3362.886
        D_21 |  -3494.277   45.14867   -77.39   0.000    -3582.767   -3405.787
        D_22 |   -3418.32   56.59166   -60.40   0.000    -3529.237   -3307.402
        D_23 |  -3361.419   83.41275   -40.30   0.000    -3524.905   -3197.933
       _cons |  -74127.38   191.0481  -388.00   0.000    -74501.83   -73752.94
-------------+----------------------------------------------------------------
     sigma_u |  6272.3915
     sigma_e |  5526.3422
         rho |   .5629795   (fraction of variance due to u_i)
------------------------------------------------------------------------------
F test that all u_i=0:     F(462082, 12459627) =    28.69    Prob > F = 0.0000
i.year            _Iyear_1972-2007    (naturally coded; _Iyear_1972 omitted)
note: _Iyear_2007 omitted because of collinearity

Fixed-effects (within) regression               Number of obs      =   7538250
Group variable: pid                             Number of groups   =    294568

R-sq:  within  = 0.4212                         Obs per group: min =         1
       between = 0.0386                                        avg =      25.6
       overall = 0.2198                                        max =        36

                                                F(62,7243620)      =  85011.48
corr(u_i, Xb)  = -0.1472                        Prob > F           =    0.0000

------------------------------------------------------------------------------
real_annua~d |      Coef.   Std. Err.      t    P>|t|     [95% Conf. Interval]
-------------+----------------------------------------------------------------
 _Iyear_1973 |    277.669   24.08358    11.53   0.000     230.4661     324.872
 _Iyear_1974 |   420.6125   23.37919    17.99   0.000     374.7902    466.4349
 _Iyear_1975 |   480.5086   22.81066    21.07   0.000     435.8005    525.2167
 _Iyear_1976 |   504.2234   22.16612    22.75   0.000     460.7786    547.6682
 _Iyear_1977 |   790.4509   21.52142    36.73   0.000     748.2697    832.6321
 _Iyear_1978 |   1108.491   20.93588    52.95   0.000     1067.458    1149.525
 _Iyear_1979 |   1291.832   20.32459    63.56   0.000     1251.996    1331.667
 _Iyear_1980 |   1222.463   19.71891    61.99   0.000     1183.815    1261.111
 _Iyear_1981 |   1185.218   19.21761    61.67   0.000     1147.552    1222.883
 _Iyear_1982 |   1201.204    18.7918    63.92   0.000     1164.373    1238.036
 _Iyear_1983 |   1273.479     18.382    69.28   0.000     1237.451    1309.507
 _Iyear_1984 |   1133.339   17.98559    63.01   0.000     1098.088    1168.591
 _Iyear_1985 |   1543.361   17.62256    87.58   0.000     1508.821      1577.9
 _Iyear_1986 |   2262.907   17.31389   130.70   0.000     2228.972    2296.842
 _Iyear_1987 |   2786.283   17.00019   163.90   0.000     2752.963    2819.602
 _Iyear_1988 |   3296.462   16.92453   194.77   0.000      3263.29    3329.633
 _Iyear_1989 |    3422.02   16.87669   202.77   0.000     3388.942    3455.098
 _Iyear_1990 |   3706.493   16.86542   219.77   0.000     3673.437    3739.549
 _Iyear_1991 |   4235.181   16.88071   250.89   0.000     4202.095    4268.266
 _Iyear_1992 |   3502.165   16.92449   206.93   0.000     3468.994    3535.337
 _Iyear_1993 |   3193.964   17.23115   185.36   0.000     3160.191    3227.736
 _Iyear_1994 |   2978.198   17.46931   170.48   0.000     2943.959    3012.437
 _Iyear_1995 |   2870.198   17.70906   162.08   0.000     2835.488    2904.907
 _Iyear_1996 |   2482.097   18.13098   136.90   0.000      2446.56    2517.633
 _Iyear_1997 |   2255.357   18.54675   121.60   0.000     2219.006    2291.708
 _Iyear_1998 |   2205.312   18.95164   116.37   0.000     2168.167    2242.456
 _Iyear_1999 |   2356.561   19.41858   121.36   0.000     2318.501    2394.621
 _Iyear_2000 |    1938.59   19.86604    97.58   0.000     1899.654    1977.527
 _Iyear_2001 |   1620.552   20.35994    79.60   0.000     1580.648    1660.457
 _Iyear_2002 |   1295.459   20.95858    61.81   0.000     1254.381    1336.537
 _Iyear_2003 |   1260.717    21.5522    58.50   0.000     1218.475    1302.958
 _Iyear_2004 |   1036.249   22.14929    46.78   0.000     992.8375    1079.661
 _Iyear_2005 |     940.41   22.66469    41.49   0.000     895.9881     984.832
 _Iyear_2006 |   1041.655   23.14909    45.00   0.000     996.2834    1087.026
 _Iyear_2007 |          0  (omitted)
        age1 |   11483.44   35.62353   322.36   0.000     11413.62    11553.26
        age2 |   -458.409   1.603085  -285.95   0.000     -461.551    -455.267
        age3 |   8.292567   .0308569   268.74   0.000     8.232089    8.353046
        age4 |  -.0549543   .0002151  -255.46   0.000     -.055376   -.0545327
         D_0 |  -907.7845   57.21013   -15.87   0.000    -1019.914   -795.6547
         D_1 |  -1354.615   55.44786   -24.43   0.000    -1463.291   -1245.939
         D_2 |  -1787.031   53.76164   -33.24   0.000    -1892.402    -1681.66
         D_3 |  -1922.395   52.22449   -36.81   0.000    -2024.754   -1820.037
         D_4 |  -1748.544   52.25948   -33.46   0.000     -1850.97   -1646.117
         D_5 |  -4765.773   51.92436   -91.78   0.000    -4867.543   -4664.003
         D_6 |  -3354.324   57.22044   -58.62   0.000    -3466.474   -3242.174
         D_7 |  -3046.053    57.2246   -53.23   0.000    -3158.211   -2933.894
         D_8 |  -2923.833   58.02347   -50.39   0.000    -3037.557   -2810.109
         D_9 |  -3103.013   58.64132   -52.92   0.000    -3217.948   -2988.078
        D_10 |  -3289.793    59.3434   -55.44   0.000    -3406.104   -3173.482
        D_11 |  -3513.509   59.97708   -58.58   0.000    -3631.062   -3395.956
        D_12 |  -3725.258   60.81151   -61.26   0.000    -3844.447    -3606.07
        D_13 |  -3876.527    61.5416   -62.99   0.000    -3997.147   -3755.908
        D_14 |  -3941.449   62.22871   -63.34   0.000    -4063.415   -3819.483
        D_15 |  -3998.931   62.90307   -63.57   0.000    -4122.218   -3875.643
        D_16 |  -3984.511   63.76488   -62.49   0.000    -4109.488   -3859.534
        D_17 |  -3900.686   64.72574   -60.26   0.000    -4027.546   -3773.826
        D_18 |  -4013.538   65.86946   -60.93   0.000     -4142.64   -3884.436
        D_19 |  -4136.335   66.98129   -61.75   0.000    -4267.616   -4005.054
        D_20 |  -4222.503    67.8433   -62.24   0.000    -4355.473   -4089.532
        D_21 |  -4154.184   68.53732   -60.61   0.000    -4288.514   -4019.853
        D_22 |  -4157.154   87.49277   -47.51   0.000    -4328.637   -3985.672
        D_23 |  -4124.008   129.1002   -31.94   0.000     -4377.04   -3870.976
       _cons |  -95679.83   285.8911  -334.67   0.000    -96240.17    -95119.5
-------------+----------------------------------------------------------------
     sigma_u |  7239.1477
     sigma_e |  6036.8762
         rho |  .58982296   (fraction of variance due to u_i)
------------------------------------------------------------------------------
F test that all u_i=0:     F(294567, 7243620) =    33.01     Prob > F = 0.0000
(20693200 missing values generated)
(21999816 missing values generated)
(21999816 real changes made)
(41802 real changes made)
(21999816 real changes made)
(44305 real changes made)
(21999816 real changes made)
(46934 real changes made)
(21999816 real changes made)
(50025 real changes made)
(21999816 real changes made)
(49991 real changes made)
(21999816 real changes made)
(50963 real changes made)
(21999816 real changes made)
(42896 real changes made)
(21999816 real changes made)
(43379 real changes made)
(21999816 real changes made)
(42685 real changes made)
(21999816 real changes made)
(41926 real changes made)
(21999816 real changes made)
(41084 real changes made)
(21999816 real changes made)
(40389 real changes made)
(21999816 real changes made)
(39713 real changes made)
(21999816 real changes made)
(39058 real changes made)
(21999816 real changes made)
(38387 real changes made)
(21999816 real changes made)
(37538 real changes made)
(21999816 real changes made)
(36553 real changes made)
(21999816 real changes made)
(35618 real changes made)
(21999816 real changes made)
(34670 real changes made)
(21999816 real changes made)
(33754 real changes made)
(21999816 real changes made)
(32984 real changes made)
(21999816 real changes made)
(31092 real changes made)
(21999816 real changes made)
(19524 real changes made)
       panel variable:  pid (unbalanced)
        time variable:  year, 1972 to 2008, but with gaps
                delta:  1 unit
file /scratch/kb103/stata/earnings_losses/xregression_annual_income_year1991.dt
> a saved
(872320 observations deleted)
(340545 observations deleted)
i.year            _Iyear_1972-2007    (naturally coded; _Iyear_1972 omitted)
note: _Iyear_2007 omitted because of collinearity

Fixed-effects (within) regression               Number of obs      =  13305801
Group variable: pid                             Number of groups   =    474462

R-sq:  within  = 0.6139                         Obs per group: min =         1
       between = 0.1106                                        avg =      28.0
       overall = 0.4169                                        max =        36

                                                F(61,12831278)     = 334469.59
corr(u_i, Xb)  = -0.1719                        Prob > F           =    0.0000

------------------------------------------------------------------------------
real_annua~d |      Coef.   Std. Err.      t    P>|t|     [95% Conf. Interval]
-------------+----------------------------------------------------------------
 _Iyear_1973 |   331.7635   16.33314    20.31   0.000     299.7511    363.7758
 _Iyear_1974 |   595.8362   15.81879    37.67   0.000     564.8319    626.8405
 _Iyear_1975 |   564.1387   15.38602    36.67   0.000     533.9827    594.2948
 _Iyear_1976 |   596.1452   14.94375    39.89   0.000     566.8559    625.4344
 _Iyear_1977 |   1248.455   14.51904    85.99   0.000     1219.998    1276.912
 _Iyear_1978 |   1589.349   14.14431   112.37   0.000     1561.627    1617.071
 _Iyear_1979 |   1806.608   13.78676   131.04   0.000     1779.587     1833.63
 _Iyear_1980 |   1507.965   13.44391   112.17   0.000     1481.616    1534.315
 _Iyear_1981 |   1043.157   13.15712    79.28   0.000     1017.369    1068.944
 _Iyear_1982 |   487.9374   12.91078    37.79   0.000     462.6327    513.2421
 _Iyear_1983 |   267.2244   12.68496    21.07   0.000     242.3623    292.0864
 _Iyear_1984 |  -135.5835   12.46897   -10.87   0.000    -160.0223   -111.1448
 _Iyear_1985 |  -11.03229   12.28844    -0.90   0.369    -35.11718    13.05261
 _Iyear_1986 |   581.2691   12.13467    47.90   0.000     557.4856    605.0527
 _Iyear_1987 |   882.1417   11.99991    73.51   0.000     858.6223    905.6611
 _Iyear_1988 |   1406.168   11.83847   118.78   0.000     1382.965    1429.371
 _Iyear_1989 |   1924.236   11.80636   162.98   0.000     1901.096    1947.376
 _Iyear_1990 |   1993.728   11.79159   169.08   0.000     1970.617    2016.839
 _Iyear_1991 |   2143.407   11.80037   181.64   0.000     2120.279    2166.535
 _Iyear_1992 |   2244.832     11.826   189.82   0.000     2221.653     2268.01
 _Iyear_1993 |   1681.459     11.871   141.64   0.000     1658.193    1704.726
 _Iyear_1994 |   1829.901   11.99578   152.55   0.000      1806.39    1853.412
 _Iyear_1995 |   1964.679   12.12169   162.08   0.000     1940.921    1988.437
 _Iyear_1996 |   1624.594   12.27343   132.37   0.000     1600.539     1648.65
 _Iyear_1997 |   1669.944   12.54696   133.10   0.000     1645.352    1694.535
 _Iyear_1998 |   1812.251   12.82733   141.28   0.000      1787.11    1837.392
 _Iyear_1999 |   1926.983   13.12601   146.81   0.000     1901.256    1952.709
 _Iyear_2000 |   1465.805    13.4158   109.26   0.000     1439.511      1492.1
 _Iyear_2001 |   1076.361   13.74734    78.30   0.000     1049.417    1103.305
 _Iyear_2002 |   615.8875   14.13114    43.58   0.000      588.191     643.584
 _Iyear_2003 |   700.2686   14.53245    48.19   0.000     671.7855    728.7517
 _Iyear_2004 |   508.3077   14.93867    34.03   0.000     479.0284    537.5869
 _Iyear_2005 |   553.5205   15.29588    36.19   0.000     523.5411    583.4998
 _Iyear_2006 |   862.7445   15.64133    55.16   0.000     832.0881     893.401
 _Iyear_2007 |          0  (omitted)
        age1 |   6857.593    23.6202   290.33   0.000     6811.298    6903.888
        age2 |  -173.6094   1.072335  -161.90   0.000    -175.7111   -171.5076
        age3 |   1.959797   .0208025    94.21   0.000     1.919025    2.000569
        age4 |    -.00778    .000146   -53.28   0.000    -.0080662   -.0074938
         D_0 |   -1087.23   35.78685   -30.38   0.000    -1157.371   -1017.089
         D_1 |  -1410.948   35.13623   -40.16   0.000    -1479.814   -1342.082
         D_2 |  -1676.431   34.54994   -48.52   0.000    -1744.148   -1608.715
         D_3 |  -1572.641   33.84028   -46.47   0.000    -1638.967   -1506.316
         D_4 |  -1165.419   33.84927   -34.43   0.000    -1231.763   -1099.076
         D_5 |  -4099.633   33.56508  -122.14   0.000    -4165.419   -4033.847
         D_6 |  -4071.492    35.1713  -115.76   0.000    -4140.427   -4002.558
         D_7 |  -3827.923    35.2081  -108.72   0.000     -3896.93   -3758.916
         D_8 |   -3761.06   35.42003  -106.18   0.000    -3830.482   -3691.638
         D_9 |  -3693.037   35.74562  -103.31   0.000    -3763.097   -3622.977
        D_10 |  -3882.076    36.1063  -107.52   0.000    -3952.843   -3811.308
        D_11 |  -4038.981   36.44552  -110.82   0.000    -4110.412   -3967.549
        D_12 |  -4069.683   37.11461  -109.65   0.000    -4142.426    -3996.94
        D_13 |  -4023.602   37.74251  -106.61   0.000    -4097.576   -3949.628
        D_14 |  -4051.388   38.36665  -105.60   0.000    -4126.585   -3976.191
        D_15 |  -4110.746   39.08909  -105.16   0.000    -4187.359   -4034.132
        D_16 |  -4164.835   39.87194  -104.46   0.000    -4242.983   -4086.687
        D_17 |  -4158.003   40.68675  -102.20   0.000    -4237.747   -4078.258
        D_18 |  -4368.139   41.57712  -105.06   0.000    -4449.628   -4286.649
        D_19 |  -4367.685   42.43911  -102.92   0.000    -4450.864   -4284.506
        D_20 |  -4401.732   43.37762  -101.47   0.000    -4486.751   -4316.714
        D_21 |  -4260.384   54.12493   -78.71   0.000    -4366.467   -4154.301
        D_22 |   -4013.29   78.00328   -51.45   0.000    -4166.173   -3860.406
       _cons |  -71794.43   187.7901  -382.31   0.000    -72162.49   -71426.37
-------------+----------------------------------------------------------------
     sigma_u |  6267.0716
     sigma_e |  5579.5356
         rho |   .5578417   (fraction of variance due to u_i)
------------------------------------------------------------------------------
F test that all u_i=0:     F(474461, 12831278) =    28.23    Prob > F = 0.0000
i.year            _Iyear_1972-2007    (naturally coded; _Iyear_1972 omitted)
note: _Iyear_2007 omitted because of collinearity

Fixed-effects (within) regression               Number of obs      =   7481150
Group variable: pid                             Number of groups   =    291678

R-sq:  within  = 0.4285                         Obs per group: min =         1
       between = 0.0400                                        avg =      25.6
       overall = 0.2281                                        max =        36

                                                F(61,7189411)      =  88358.80
corr(u_i, Xb)  = -0.1448                        Prob > F           =    0.0000

------------------------------------------------------------------------------
real_annua~d |      Coef.   Std. Err.      t    P>|t|     [95% Conf. Interval]
-------------+----------------------------------------------------------------
 _Iyear_1973 |   237.6838    25.0224     9.50   0.000     188.6407    286.7268
 _Iyear_1974 |   334.4341   24.28375    13.77   0.000     286.8388    382.0294
 _Iyear_1975 |   344.2532   23.69367    14.53   0.000     297.8144    390.6919
 _Iyear_1976 |   327.2884   23.02054    14.22   0.000     282.1689    372.4078
 _Iyear_1977 |   577.0952   22.34837    25.82   0.000     533.2932    620.8972
 _Iyear_1978 |   859.3486   21.74195    39.52   0.000     816.7352    901.9621
 _Iyear_1979 |   1000.305   21.10407    47.40   0.000     958.9422    1041.669
 _Iyear_1980 |   915.7821   20.47747    44.72   0.000      875.647    955.9172
 _Iyear_1981 |   853.5849   19.95343    42.78   0.000     814.4769    892.6929
 _Iyear_1982 |     835.15     19.504    42.82   0.000     796.9229    873.3772
 _Iyear_1983 |   861.7291   19.06397    45.20   0.000     824.3644    899.0938
 _Iyear_1984 |   672.0448   18.60804    36.12   0.000     635.5737    708.5159
 _Iyear_1985 |   1003.477   18.19819    55.14   0.000     967.8089    1039.145
 _Iyear_1986 |   1651.804   17.85951    92.49   0.000       1616.8    1686.808
 _Iyear_1987 |   2104.549   17.55349   119.89   0.000     2070.145    2138.953
 _Iyear_1988 |   2435.431   17.22184   141.42   0.000     2401.677    2469.185
 _Iyear_1989 |   3206.041   17.14398   187.01   0.000     3172.439    3239.642
 _Iyear_1990 |   3542.438   17.09389   207.23   0.000     3508.934    3575.941
 _Iyear_1991 |   4084.727   17.08604   239.07   0.000     4051.239    4118.215
 _Iyear_1992 |   4219.038   17.10499   246.66   0.000     4185.513    4252.563
 _Iyear_1993 |   3273.601   17.15284   190.85   0.000     3239.982     3307.22
 _Iyear_1994 |   3148.587   17.45428   180.39   0.000     3114.377    3182.797
 _Iyear_1995 |   2966.126   17.67104   167.85   0.000     2931.492    3000.761
 _Iyear_1996 |   2526.859    17.9073   141.11   0.000     2491.761    2561.956
 _Iyear_1997 |   2283.273   18.30133   124.76   0.000     2247.403    2319.143
 _Iyear_1998 |   2223.691   18.68243   119.03   0.000     2187.075    2260.308
 _Iyear_1999 |   2384.404   19.13375   124.62   0.000     2346.902    2421.905
 _Iyear_2000 |   1966.436   19.56746   100.50   0.000     1928.085    2004.788
 _Iyear_2001 |   1647.496   20.04573    82.19   0.000     1608.207    1686.785
 _Iyear_2002 |   1318.803   20.63388    63.91   0.000     1278.361    1359.244
 _Iyear_2003 |   1297.136   21.21573    61.14   0.000     1255.554    1338.718
 _Iyear_2004 |   1066.881   21.79876    48.94   0.000     1024.156    1109.606
 _Iyear_2005 |   959.4915       22.3    43.03   0.000     915.7843    1003.199
 _Iyear_2006 |    1060.26   22.75208    46.60   0.000     1015.667    1104.853
 _Iyear_2007 |          0  (omitted)
        age1 |      11449    35.7969   319.83   0.000     11378.84    11519.16
        age2 |  -455.0153   1.614488  -281.83   0.000    -458.1797    -451.851
        age3 |   8.203772    .031146   263.40   0.000     8.142727    8.264817
        age4 |  -.0542472   .0002176  -249.31   0.000    -.0546736   -.0538207
         D_0 |  -1055.361   55.38949   -19.05   0.000    -1163.922   -946.7994
         D_1 |  -1564.966   53.74757   -29.12   0.000    -1670.309   -1459.623
         D_2 |  -1978.082   51.96749   -38.06   0.000    -2079.936   -1876.227
         D_3 |  -2131.046    50.2404   -42.42   0.000    -2229.516   -2032.577
         D_4 |  -2008.656   50.27662   -39.95   0.000    -2107.197   -1910.116
         D_5 |  -5980.335   50.00777  -119.59   0.000    -6078.349   -5882.322
         D_6 |  -4400.996   57.17028   -76.98   0.000    -4513.048   -4288.944
         D_7 |  -4184.992    56.2081   -74.46   0.000    -4295.158   -4074.827
         D_8 |  -3898.332    56.8045   -68.63   0.000    -4009.667   -3786.997
         D_9 |  -3987.998   57.18909   -69.73   0.000    -4100.087   -3875.909
        D_10 |  -4125.485   57.65837   -71.55   0.000    -4238.493   -4012.476
        D_11 |  -4301.012   58.00628   -74.15   0.000    -4414.703   -4187.322
        D_12 |    -4504.9   58.63847   -76.82   0.000    -4619.829   -4389.971
        D_13 |  -4603.946    59.3432   -77.58   0.000    -4720.256   -4487.635
        D_14 |  -4635.081   59.88484   -77.40   0.000    -4752.453   -4517.709
        D_15 |  -4651.187   60.59453   -76.76   0.000     -4769.95   -4532.424
        D_16 |  -4688.884    61.5722   -76.15   0.000    -4809.563   -4568.205
        D_17 |  -4660.696    62.4461   -74.64   0.000    -4783.088   -4538.304
        D_18 |  -4864.883   63.29924   -76.86   0.000    -4988.947   -4740.819
        D_19 |  -4918.799   64.22233   -76.59   0.000    -5044.673   -4792.926
        D_20 |  -4871.109   64.87767   -75.08   0.000    -4998.267   -4743.951
        D_21 |  -4805.652   80.19429   -59.93   0.000     -4962.83   -4648.474
        D_22 |  -4707.777   118.7552   -39.64   0.000    -4940.534   -4475.021
       _cons |  -95482.22   286.7149  -333.02   0.000    -96044.17   -94920.27
-------------+----------------------------------------------------------------
     sigma_u |  7212.7337
     sigma_e |  6089.4031
         rho |  .58384942   (fraction of variance due to u_i)
------------------------------------------------------------------------------
F test that all u_i=0:     F(291677, 7189411) =    32.34     Prob > F = 0.0000
(20621658 missing values generated)
(22046971 missing values generated)
(22046971 real changes made)
(46092 real changes made)
(22046971 real changes made)
(49009 real changes made)
(22046971 real changes made)
(52282 real changes made)
(22046971 real changes made)
(55838 real changes made)
(22046971 real changes made)
(55810 real changes made)
(22046971 real changes made)
(56584 real changes made)
(22046971 real changes made)
(46836 real changes made)
(22046971 real changes made)
(47640 real changes made)
(22046971 real changes made)
(46875 real changes made)
(22046971 real changes made)
(46084 real changes made)
(22046971 real changes made)
(45408 real changes made)
(22046971 real changes made)
(44898 real changes made)
(22046971 real changes made)
(44284 real changes made)
(22046971 real changes made)
(43534 real changes made)
(22046971 real changes made)
(42641 real changes made)
(22046971 real changes made)
(41734 real changes made)
(22046971 real changes made)
(40630 real changes made)
(22046971 real changes made)
(39678 real changes made)
(22046971 real changes made)
(38770 real changes made)
(22046971 real changes made)
(37902 real changes made)
(22046971 real changes made)
(35942 real changes made)
(22046971 real changes made)
(21130 real changes made)
       panel variable:  pid (unbalanced)
        time variable:  year, 1972 to 2008, but with gaps
                delta:  1 unit
file /scratch/kb103/stata/earnings_losses/xregression_annual_income_year1992.dt
> a saved
(800743 observations deleted)
(370252 observations deleted)
i.year            _Iyear_1972-2007    (naturally coded; _Iyear_1972 omitted)
